Using pre-set license
Built from '2020.3/staging' branch; Version is '2020.3.9f1 (108be757e447) revision 1084391'; Using compiler version '192528614'; Build Type 'Release'
OS: 'Windows 10 Pro; OS build 19042.1237; Version 2009; 64bit' Language: 'pt' Physical Memory: 32727 MB
BatchMode: 1, IsHumanControllingUs: 0, StartBugReporterOnCrash: 0, Is64bit: 1, IsPro: 0

 COMMAND LINE ARGUMENTS:
D:\Unity\Editors\2020.3.9f1\Editor\Unity.exe
-adb2
-batchMode
-noUpm
-name
AssetImportWorker0
-projectPath
D:/Unity/Projetos/LSW_Test_ClothingStore
-logFile
Logs/AssetImportWorker0.log
-srvPort
53264
Successfully changed project path to: D:/Unity/Projetos/LSW_Test_ClothingStore
D:/Unity/Projetos/LSW_Test_ClothingStore
Using Asset Import Pipeline V2.
Refreshing native plugins compatible for Editor in 49.92 ms, found 1 plugins.
Preloading 0 native plugins for Editor in 0.00 ms.
Initialize engine version: 2020.3.9f1 (108be757e447)
[Subsystems] Discovering subsystems at path D:/Unity/Editors/2020.3.9f1/Editor/Data/Resources/UnitySubsystems
[Subsystems] Discovering subsystems at path D:/Unity/Projetos/LSW_Test_ClothingStore/Assets
GfxDevice: creating device client; threaded=0
Direct3D:
    Version:  Direct3D 11.0 [level 11.1]
    Renderer: NVIDIA GeForce GTX 1070 (ID=0x1b81)
    Vendor:   
    VRAM:     8088 MB
    Driver:   30.0.14.7212
Initialize mono
Mono path[0] = 'D:/Unity/Editors/2020.3.9f1/Editor/Data/Managed'
Mono path[1] = 'D:/Unity/Editors/2020.3.9f1/Editor/Data/MonoBleedingEdge/lib/mono/unityjit'
Mono config path = 'D:/Unity/Editors/2020.3.9f1/Editor/Data/MonoBleedingEdge/etc'
Using monoOptions --debugger-agent=transport=dt_socket,embedding=1,server=y,suspend=n,address=127.0.0.1:56680
Begin MonoManager ReloadAssembly
Registering precompiled unity dll's ...
Register platform support module: D:/Unity/Editors/2020.3.9f1/Editor/Data/PlaybackEngines/WebGLSupport/UnityEditor.WebGL.Extensions.dll
Register platform support module: D:/Unity/Editors/2020.3.9f1/Editor/Data/PlaybackEngines/MacStandaloneSupport/UnityEditor.OSXStandalone.Extensions.dll
Register platform support module: D:/Unity/Editors/2020.3.9f1/Editor/Data/PlaybackEngines/WindowsStandaloneSupport/UnityEditor.WindowsStandalone.Extensions.dll
Register platform support module: D:/Unity/Editors/2020.3.9f1/Editor/Data/PlaybackEngines/LinuxStandaloneSupport/UnityEditor.LinuxStandalone.Extensions.dll
Registered in 0.001740 seconds.
Native extension for LinuxStandalone target not found
Native extension for WindowsStandalone target not found
Native extension for OSXStandalone target not found
Native extension for WebGL target not found
Refreshing native plugins compatible for Editor in 44.09 ms, found 1 plugins.
Preloading 0 native plugins for Editor in 0.00 ms.
Mono: successfully reloaded assembly
- Completed reload, in  2.076 seconds
Platform modules already initialized, skipping
Registering precompiled user dll's ...
Registered in 0.001585 seconds.
Begin MonoManager ReloadAssembly
Native extension for LinuxStandalone target not found
Native extension for WindowsStandalone target not found
Native extension for OSXStandalone target not found
Native extension for WebGL target not found
Refreshing native plugins compatible for Editor in 37.28 ms, found 1 plugins.
Preloading 0 native plugins for Editor in 0.00 ms.
Mono: successfully reloaded assembly
- Completed reload, in  0.987 seconds
Platform modules already initialized, skipping
========================================================================
Worker process is ready to serve import requests
Launched and connected shader compiler UnityShaderCompiler.exe after 0.23 seconds
Refreshing native plugins compatible for Editor in 0.38 ms, found 1 plugins.
Preloading 0 native plugins for Editor in 0.00 ms.
Unloading 1996 Unused Serialized files (Serialized files now loaded: 0)
System memory in use before: 91.8 MB.
System memory in use after: 91.7 MB.

Unloading 27 unused Assets to reduce memory usage. Loaded Objects now: 2443.
Total: 1.786000 ms (FindLiveObjects: 0.186100 ms CreateObjectMapping: 0.069100 ms MarkObjects: 1.416800 ms  DeleteObjects: 0.112700 ms)

========================================================================
Received Import Request.
  path: Assets/Scripts/Inventory/InventoryBase.cs
  artifactKey: Guid(61080e7c3d1f66f44aec82e432a1f18f) Importer(815301076,1909f56bfc062723c751e8b465ee728b)
Start importing Assets/Scripts/Inventory/InventoryBase.cs using Guid(61080e7c3d1f66f44aec82e432a1f18f) Importer(815301076,1909f56bfc062723c751e8b465ee728b)  -> (artifact id: '36c6038224cae614e4ecfd44358e14d0') in 0.043641 seconds
  Import took 0.046719 seconds .

========================================================================
Received Prepare
Registering precompiled user dll's ...
Registered in 0.001514 seconds.
Begin MonoManager ReloadAssembly
Native extension for LinuxStandalone target not found
Native extension for WindowsStandalone target not found
Native extension for OSXStandalone target not found
Native extension for WebGL target not found
Refreshing native plugins compatible for Editor in 0.37 ms, found 1 plugins.
Preloading 0 native plugins for Editor in 0.00 ms.
Mono: successfully reloaded assembly
- Completed reload, in  0.803 seconds
Platform modules already initialized, skipping
Refreshing native plugins compatible for Editor in 0.43 ms, found 1 plugins.
Preloading 0 native plugins for Editor in 0.00 ms.
Unloading 1987 Unused Serialized files (Serialized files now loaded: 0)
System memory in use before: 91.4 MB.
System memory in use after: 91.4 MB.

Unloading 15 unused Assets to reduce memory usage. Loaded Objects now: 2447.
Total: 1.924700 ms (FindLiveObjects: 0.169900 ms CreateObjectMapping: 0.057900 ms MarkObjects: 1.609000 ms  DeleteObjects: 0.087200 ms)

========================================================================
Received Prepare
Registering precompiled user dll's ...
Registered in 0.001552 seconds.
Begin MonoManager ReloadAssembly
Native extension for LinuxStandalone target not found
Native extension for WindowsStandalone target not found
Native extension for OSXStandalone target not found
Native extension for WebGL target not found
Refreshing native plugins compatible for Editor in 0.43 ms, found 1 plugins.
Preloading 0 native plugins for Editor in 0.00 ms.
Mono: successfully reloaded assembly
- Completed reload, in  0.803 seconds
Platform modules already initialized, skipping
Refreshing native plugins compatible for Editor in 0.37 ms, found 1 plugins.
Preloading 0 native plugins for Editor in 0.00 ms.
Unloading 1987 Unused Serialized files (Serialized files now loaded: 0)
System memory in use before: 91.4 MB.
System memory in use after: 91.4 MB.

Unloading 15 unused Assets to reduce memory usage. Loaded Objects now: 2451.
Total: 1.818600 ms (FindLiveObjects: 0.185200 ms CreateObjectMapping: 0.064000 ms MarkObjects: 1.458900 ms  DeleteObjects: 0.109600 ms)

========================================================================
Received Prepare
Registering precompiled user dll's ...
Registered in 0.001575 seconds.
Begin MonoManager ReloadAssembly
Native extension for LinuxStandalone target not found
Native extension for WindowsStandalone target not found
Native extension for OSXStandalone target not found
Native extension for WebGL target not found
Refreshing native plugins compatible for Editor in 0.36 ms, found 1 plugins.
Preloading 0 native plugins for Editor in 0.00 ms.
Mono: successfully reloaded assembly
- Completed reload, in  0.717 seconds
Platform modules already initialized, skipping
Refreshing native plugins compatible for Editor in 0.38 ms, found 1 plugins.
Preloading 0 native plugins for Editor in 0.00 ms.
Unloading 1987 Unused Serialized files (Serialized files now loaded: 0)
System memory in use before: 91.4 MB.
System memory in use after: 91.4 MB.

Unloading 15 unused Assets to reduce memory usage. Loaded Objects now: 2455.
Total: 1.847500 ms (FindLiveObjects: 0.145500 ms CreateObjectMapping: 0.055300 ms MarkObjects: 1.561800 ms  DeleteObjects: 0.084000 ms)

========================================================================
Received Prepare
Registering precompiled user dll's ...
Registered in 0.001586 seconds.
Begin MonoManager ReloadAssembly
Native extension for LinuxStandalone target not found
Native extension for WindowsStandalone target not found
Native extension for OSXStandalone target not found
Native extension for WebGL target not found
Refreshing native plugins compatible for Editor in 0.37 ms, found 1 plugins.
Preloading 0 native plugins for Editor in 0.00 ms.
Mono: successfully reloaded assembly
- Completed reload, in  0.782 seconds
Platform modules already initialized, skipping
Refreshing native plugins compatible for Editor in 0.37 ms, found 1 plugins.
Preloading 0 native plugins for Editor in 0.00 ms.
Unloading 1987 Unused Serialized files (Serialized files now loaded: 0)
System memory in use before: 91.5 MB.
System memory in use after: 91.4 MB.

Unloading 15 unused Assets to reduce memory usage. Loaded Objects now: 2459.
Total: 1.814000 ms (FindLiveObjects: 0.154300 ms CreateObjectMapping: 0.052100 ms MarkObjects: 1.491600 ms  DeleteObjects: 0.115100 ms)

========================================================================
Received Import Request.
  Time since last request: 5472.432728 seconds.
  path: Assets/Prefabs/UI/Inventory/InventorySlot.prefab
  artifactKey: Guid(20fe0e80189fb0a45884b93ca641ddcf) Importer(815301076,1909f56bfc062723c751e8b465ee728b)
Start importing Assets/Prefabs/UI/Inventory/InventorySlot.prefab using Guid(20fe0e80189fb0a45884b93ca641ddcf) Importer(815301076,1909f56bfc062723c751e8b465ee728b)  -> (artifact id: '90091ac111c96eeea1c7f9ba296b4371') in 0.035243 seconds
  Import took 0.038035 seconds .

========================================================================
Received Import Request.
  Time since last request: 0.141824 seconds.
  path: Assets/Prefabs/UI/Inventory/InventorySlot.prefab
  artifactKey: Guid(20fe0e80189fb0a45884b93ca641ddcf) Importer(815301076,1909f56bfc062723c751e8b465ee728b)
Start importing Assets/Prefabs/UI/Inventory/InventorySlot.prefab using Guid(20fe0e80189fb0a45884b93ca641ddcf) Importer(815301076,1909f56bfc062723c751e8b465ee728b)  -> (artifact id: '90091ac111c96eeea1c7f9ba296b4371') in 0.008384 seconds
  Import took 0.012484 seconds .

========================================================================
Received Import Request.
  Time since last request: 13.325184 seconds.
  path: Assets/Prefabs/UI/Inventory/InventoryUI.prefab
  artifactKey: Guid(23ec7872cfa3d8c45bae925ec93efb09) Importer(815301076,1909f56bfc062723c751e8b465ee728b)
Start importing Assets/Prefabs/UI/Inventory/InventoryUI.prefab using Guid(23ec7872cfa3d8c45bae925ec93efb09) Importer(815301076,1909f56bfc062723c751e8b465ee728b)  -> (artifact id: '87186877744552be4daf3f4dc58a7e85') in 0.017014 seconds
  Import took 0.020140 seconds .

========================================================================
Received Prepare
Registering precompiled user dll's ...
Registered in 0.001505 seconds.
Begin MonoManager ReloadAssembly
Native extension for LinuxStandalone target not found
Native extension for WindowsStandalone target not found
Native extension for OSXStandalone target not found
Native extension for WebGL target not found
Refreshing native plugins compatible for Editor in 0.42 ms, found 1 plugins.
Preloading 0 native plugins for Editor in 0.00 ms.
Mono: successfully reloaded assembly
- Completed reload, in  0.847 seconds
Platform modules already initialized, skipping
Refreshing native plugins compatible for Editor in 0.41 ms, found 1 plugins.
Preloading 0 native plugins for Editor in 0.00 ms.
Unloading 1987 Unused Serialized files (Serialized files now loaded: 0)
System memory in use before: 91.5 MB.
System memory in use after: 91.5 MB.

Unloading 15 unused Assets to reduce memory usage. Loaded Objects now: 2463.
Total: 1.897500 ms (FindLiveObjects: 0.262400 ms CreateObjectMapping: 0.089700 ms MarkObjects: 1.438600 ms  DeleteObjects: 0.105900 ms)

========================================================================
Received Prepare
Registering precompiled user dll's ...
Registered in 0.001534 seconds.
Begin MonoManager ReloadAssembly
Native extension for LinuxStandalone target not found
Native extension for WindowsStandalone target not found
Native extension for OSXStandalone target not found
Native extension for WebGL target not found
Refreshing native plugins compatible for Editor in 0.37 ms, found 1 plugins.
Preloading 0 native plugins for Editor in 0.00 ms.
Mono: successfully reloaded assembly
- Completed reload, in  0.833 seconds
Platform modules already initialized, skipping
Refreshing native plugins compatible for Editor in 0.38 ms, found 1 plugins.
Preloading 0 native plugins for Editor in 0.00 ms.
Unloading 1987 Unused Serialized files (Serialized files now loaded: 0)
System memory in use before: 91.5 MB.
System memory in use after: 91.5 MB.

Unloading 15 unused Assets to reduce memory usage. Loaded Objects now: 2467.
Total: 1.955800 ms (FindLiveObjects: 0.167700 ms CreateObjectMapping: 0.061200 ms MarkObjects: 1.634000 ms  DeleteObjects: 0.092100 ms)

========================================================================
Received Import Request.
  Time since last request: 1360.898067 seconds.
  path: Assets/Scripts/Inventory/Player
  artifactKey: Guid(85227f246dd901b499bb3815369a560e) Importer(815301076,1909f56bfc062723c751e8b465ee728b)
Start importing Assets/Scripts/Inventory/Player using Guid(85227f246dd901b499bb3815369a560e) Importer(815301076,1909f56bfc062723c751e8b465ee728b)  -> (artifact id: '289d74f48bef2c2cf8d95e55a4e80879') in 0.025694 seconds
  Import took 0.028464 seconds .

========================================================================
Received Import Request.
  Time since last request: 11.105510 seconds.
  path: Assets/Scripts/Inventory/PlayerInventoryUI.cs
  artifactKey: Guid(7e9ef734aa75dfa42ad7314afdf02b12) Importer(815301076,1909f56bfc062723c751e8b465ee728b)
Start importing Assets/Scripts/Inventory/PlayerInventoryUI.cs using Guid(7e9ef734aa75dfa42ad7314afdf02b12) Importer(815301076,1909f56bfc062723c751e8b465ee728b)  -> (artifact id: '602e5a2071536889606fddb7f371a727') in 0.005926 seconds
  Import took 0.009269 seconds .

========================================================================
Received Import Request.
  Time since last request: 0.014232 seconds.
  path: Assets/Scripts/Inventory/PlayerInventoryUI.cs
  artifactKey: Guid(7e9ef734aa75dfa42ad7314afdf02b12) Importer(815301076,1909f56bfc062723c751e8b465ee728b)
Start importing Assets/Scripts/Inventory/PlayerInventoryUI.cs using Guid(7e9ef734aa75dfa42ad7314afdf02b12) Importer(815301076,1909f56bfc062723c751e8b465ee728b)  -> (artifact id: '602e5a2071536889606fddb7f371a727') in 0.018271 seconds
  Import took 0.021081 seconds .

========================================================================
Received Prepare
Registering precompiled user dll's ...
Registered in 0.002143 seconds.
Begin MonoManager ReloadAssembly
Native extension for LinuxStandalone target not found
Native extension for WindowsStandalone target not found
Native extension for OSXStandalone target not found
Native extension for WebGL target not found
Refreshing native plugins compatible for Editor in 0.38 ms, found 1 plugins.
Preloading 0 native plugins for Editor in 0.00 ms.
Mono: successfully reloaded assembly
- Completed reload, in  0.733 seconds
Platform modules already initialized, skipping
Refreshing native plugins compatible for Editor in 0.37 ms, found 1 plugins.
Preloading 0 native plugins for Editor in 0.00 ms.
Unloading 1987 Unused Serialized files (Serialized files now loaded: 0)
System memory in use before: 91.5 MB.
System memory in use after: 91.5 MB.

Unloading 15 unused Assets to reduce memory usage. Loaded Objects now: 2471.
Total: 1.873500 ms (FindLiveObjects: 0.152200 ms CreateObjectMapping: 0.056100 ms MarkObjects: 1.578200 ms  DeleteObjects: 0.086400 ms)

========================================================================
Received Import Request.
  Time since last request: 20.285916 seconds.
  path: Assets/Scripts/Inventory/Shop/ShopInventory.cs
  artifactKey: Guid(d5989b37428f1b84591f508bbfa690c4) Importer(815301076,1909f56bfc062723c751e8b465ee728b)
Start importing Assets/Scripts/Inventory/Shop/ShopInventory.cs using Guid(d5989b37428f1b84591f508bbfa690c4) Importer(815301076,1909f56bfc062723c751e8b465ee728b)  -> (artifact id: '9808e81b2d637f4c4f35cddace2706ea') in 0.005863 seconds
  Import took 0.009083 seconds .

========================================================================
Received Import Request.
  Time since last request: 1.505619 seconds.
  path: Assets/Scripts/Inventory/Shop/ShopSetup.cs
  artifactKey: Guid(8c1b48c5c8fd5b74885c1aa99a3e2e52) Importer(815301076,1909f56bfc062723c751e8b465ee728b)
Start importing Assets/Scripts/Inventory/Shop/ShopSetup.cs using Guid(8c1b48c5c8fd5b74885c1aa99a3e2e52) Importer(815301076,1909f56bfc062723c751e8b465ee728b)  -> (artifact id: 'e07938d3ca433248b5beea750d088d4e') in 0.003515 seconds
  Import took 0.006376 seconds .

========================================================================
Received Import Request.
  Time since last request: 97.964894 seconds.
  path: Assets/Scripts/Inventory/Shop/ShopInventorySlot.cs
  artifactKey: Guid(7eb9a10fe1becf0419c674dc178ca955) Importer(815301076,1909f56bfc062723c751e8b465ee728b)
Start importing Assets/Scripts/Inventory/Shop/ShopInventorySlot.cs using Guid(7eb9a10fe1becf0419c674dc178ca955) Importer(815301076,1909f56bfc062723c751e8b465ee728b)  -> (artifact id: '521065dbf3bdc6b14dc371c78e0820f0') in 0.008641 seconds
  Import took 0.011695 seconds .

========================================================================
Received Prepare
Registering precompiled user dll's ...
Registered in 0.001545 seconds.
Begin MonoManager ReloadAssembly
Native extension for LinuxStandalone target not found
Native extension for WindowsStandalone target not found
Native extension for OSXStandalone target not found
Native extension for WebGL target not found
Refreshing native plugins compatible for Editor in 0.37 ms, found 1 plugins.
Preloading 0 native plugins for Editor in 0.00 ms.
Mono: successfully reloaded assembly
- Completed reload, in  0.823 seconds
Platform modules already initialized, skipping
Refreshing native plugins compatible for Editor in 0.37 ms, found 1 plugins.
Preloading 0 native plugins for Editor in 0.00 ms.
Unloading 1988 Unused Serialized files (Serialized files now loaded: 0)
System memory in use before: 91.6 MB.
System memory in use after: 91.5 MB.

Unloading 15 unused Assets to reduce memory usage. Loaded Objects now: 2476.
Total: 2.072300 ms (FindLiveObjects: 0.184000 ms CreateObjectMapping: 0.057700 ms MarkObjects: 1.739500 ms  DeleteObjects: 0.090500 ms)

========================================================================
Received Import Request.
  Time since last request: 12.996457 seconds.
  path: Assets/Scripts/Inventory/Player/PlayerInventorySlot.cs
  artifactKey: Guid(662198e846f5e8046823f77ba25c2fd3) Importer(815301076,1909f56bfc062723c751e8b465ee728b)
Start importing Assets/Scripts/Inventory/Player/PlayerInventorySlot.cs using Guid(662198e846f5e8046823f77ba25c2fd3) Importer(815301076,1909f56bfc062723c751e8b465ee728b)  -> (artifact id: '0e097f29431114b13520a039b4944823') in 0.008557 seconds
  Import took 0.011953 seconds .

========================================================================
Received Prepare
Registering precompiled user dll's ...
Registered in 0.001941 seconds.
Begin MonoManager ReloadAssembly
Native extension for LinuxStandalone target not found
Native extension for WindowsStandalone target not found
Native extension for OSXStandalone target not found
Native extension for WebGL target not found
Refreshing native plugins compatible for Editor in 0.50 ms, found 1 plugins.
Preloading 0 native plugins for Editor in 0.00 ms.
Mono: successfully reloaded assembly
- Completed reload, in  0.786 seconds
Platform modules already initialized, skipping
Refreshing native plugins compatible for Editor in 0.39 ms, found 1 plugins.
Preloading 0 native plugins for Editor in 0.00 ms.
Unloading 1989 Unused Serialized files (Serialized files now loaded: 0)
System memory in use before: 91.6 MB.
System memory in use after: 91.6 MB.

Unloading 15 unused Assets to reduce memory usage. Loaded Objects now: 2481.
Total: 1.790000 ms (FindLiveObjects: 0.149400 ms CreateObjectMapping: 0.054200 ms MarkObjects: 1.473600 ms  DeleteObjects: 0.112000 ms)

========================================================================
Received Prepare
Registering precompiled user dll's ...
Registered in 0.001469 seconds.
Begin MonoManager ReloadAssembly
Native extension for LinuxStandalone target not found
Native extension for WindowsStandalone target not found
Native extension for OSXStandalone target not found
Native extension for WebGL target not found
Refreshing native plugins compatible for Editor in 0.40 ms, found 1 plugins.
Preloading 0 native plugins for Editor in 0.00 ms.
Mono: successfully reloaded assembly
- Completed reload, in  0.789 seconds
Platform modules already initialized, skipping
Refreshing native plugins compatible for Editor in 0.39 ms, found 1 plugins.
Preloading 0 native plugins for Editor in 0.00 ms.
Unloading 1989 Unused Serialized files (Serialized files now loaded: 0)
System memory in use before: 91.6 MB.
System memory in use after: 91.6 MB.

Unloading 15 unused Assets to reduce memory usage. Loaded Objects now: 2485.
Total: 2.113100 ms (FindLiveObjects: 0.196800 ms CreateObjectMapping: 0.066800 ms MarkObjects: 1.747200 ms  DeleteObjects: 0.101300 ms)

========================================================================
Received Import Request.
  Time since last request: 675.675767 seconds.
  path: Assets/Scripts/Inventory/Shop/ShopInventorySlot.cs
  artifactKey: Guid(7eb9a10fe1becf0419c674dc178ca955) Importer(815301076,1909f56bfc062723c751e8b465ee728b)
Start importing Assets/Scripts/Inventory/Shop/ShopInventorySlot.cs using Guid(7eb9a10fe1becf0419c674dc178ca955) Importer(815301076,1909f56bfc062723c751e8b465ee728b)  -> (artifact id: '01b7537acd795de484340411fb1fc96a') in 0.005666 seconds
  Import took 0.008378 seconds .

========================================================================
Received Import Request.
  Time since last request: 32.482223 seconds.
  path: Assets/Scripts/Inventory/Player/PlayerInventoryUI.cs
  artifactKey: Guid(f7a55dbd7d4a50a488c5d1b5534cb1f8) Importer(815301076,1909f56bfc062723c751e8b465ee728b)
Start importing Assets/Scripts/Inventory/Player/PlayerInventoryUI.cs using Guid(f7a55dbd7d4a50a488c5d1b5534cb1f8) Importer(815301076,1909f56bfc062723c751e8b465ee728b)  -> (artifact id: '89c0f0a105b0d7a373e93cb6a73df1cf') in 0.003619 seconds
  Import took 0.006299 seconds .

========================================================================
Received Prepare
Registering precompiled user dll's ...
Registered in 0.001583 seconds.
Begin MonoManager ReloadAssembly
Native extension for LinuxStandalone target not found
Native extension for WindowsStandalone target not found
Native extension for OSXStandalone target not found
Native extension for WebGL target not found
Refreshing native plugins compatible for Editor in 1.25 ms, found 1 plugins.
Preloading 0 native plugins for Editor in 0.00 ms.
Mono: successfully reloaded assembly
- Completed reload, in  0.756 seconds
Platform modules already initialized, skipping
Refreshing native plugins compatible for Editor in 0.37 ms, found 1 plugins.
Preloading 0 native plugins for Editor in 0.00 ms.
Unloading 1990 Unused Serialized files (Serialized files now loaded: 0)
System memory in use before: 91.6 MB.
System memory in use after: 91.6 MB.

Unloading 15 unused Assets to reduce memory usage. Loaded Objects now: 2490.
Total: 2.073400 ms (FindLiveObjects: 0.181500 ms CreateObjectMapping: 0.056200 ms MarkObjects: 1.746300 ms  DeleteObjects: 0.088600 ms)

========================================================================
Received Import Request.
  Time since last request: 12.548676 seconds.
  path: Assets/Scripts/Inventory/Shop/ShopInventoryUI.cs
  artifactKey: Guid(66fd91215d062964dafcbe5c18518ed7) Importer(815301076,1909f56bfc062723c751e8b465ee728b)
Start importing Assets/Scripts/Inventory/Shop/ShopInventoryUI.cs using Guid(66fd91215d062964dafcbe5c18518ed7) Importer(815301076,1909f56bfc062723c751e8b465ee728b)  -> (artifact id: '62481a108b95552a0412ff6c68c2b3f0') in 0.009758 seconds
  Import took 0.013334 seconds .

========================================================================
Received Prepare
Registering precompiled user dll's ...
Registered in 0.001537 seconds.
Begin MonoManager ReloadAssembly
Native extension for LinuxStandalone target not found
Native extension for WindowsStandalone target not found
Native extension for OSXStandalone target not found
Native extension for WebGL target not found
Refreshing native plugins compatible for Editor in 0.38 ms, found 1 plugins.
Preloading 0 native plugins for Editor in 0.00 ms.
Mono: successfully reloaded assembly
- Completed reload, in  0.727 seconds
Platform modules already initialized, skipping
Refreshing native plugins compatible for Editor in 0.37 ms, found 1 plugins.
Preloading 0 native plugins for Editor in 0.00 ms.
Unloading 1991 Unused Serialized files (Serialized files now loaded: 0)
System memory in use before: 91.7 MB.
System memory in use after: 91.6 MB.

Unloading 15 unused Assets to reduce memory usage. Loaded Objects now: 2495.
Total: 2.055100 ms (FindLiveObjects: 0.170400 ms CreateObjectMapping: 0.054000 ms MarkObjects: 1.742500 ms  DeleteObjects: 0.087500 ms)

========================================================================
Received Import Request.
  Time since last request: 6.723559 seconds.
  path: Assets/Scripts/Inventory/InventoryUIBase.cs
  artifactKey: Guid(7e9ef734aa75dfa42ad7314afdf02b12) Importer(815301076,1909f56bfc062723c751e8b465ee728b)
Start importing Assets/Scripts/Inventory/InventoryUIBase.cs using Guid(7e9ef734aa75dfa42ad7314afdf02b12) Importer(815301076,1909f56bfc062723c751e8b465ee728b)  -> (artifact id: '03eb2ba2e8c04f80cb6e8ba8057c4fdb') in 0.008494 seconds
  Import took 0.011591 seconds .

========================================================================
Received Import Request.
  Time since last request: 0.017301 seconds.
  path: Assets/Scripts/Inventory/InventoryUIBase.cs
  artifactKey: Guid(7e9ef734aa75dfa42ad7314afdf02b12) Importer(815301076,1909f56bfc062723c751e8b465ee728b)
Start importing Assets/Scripts/Inventory/InventoryUIBase.cs using Guid(7e9ef734aa75dfa42ad7314afdf02b12) Importer(815301076,1909f56bfc062723c751e8b465ee728b)  -> (artifact id: '03eb2ba2e8c04f80cb6e8ba8057c4fdb') in 0.003319 seconds
  Import took 0.007035 seconds .

========================================================================
Received Prepare
Registering precompiled user dll's ...
Registered in 0.002193 seconds.
Begin MonoManager ReloadAssembly
Native extension for LinuxStandalone target not found
Native extension for WindowsStandalone target not found
Native extension for OSXStandalone target not found
Native extension for WebGL target not found
Refreshing native plugins compatible for Editor in 0.38 ms, found 1 plugins.
Preloading 0 native plugins for Editor in 0.00 ms.
Mono: successfully reloaded assembly
- Completed reload, in  0.746 seconds
Platform modules already initialized, skipping
Refreshing native plugins compatible for Editor in 0.37 ms, found 1 plugins.
Preloading 0 native plugins for Editor in 0.00 ms.
Unloading 1991 Unused Serialized files (Serialized files now loaded: 0)
System memory in use before: 91.7 MB.
System memory in use after: 91.6 MB.

Unloading 15 unused Assets to reduce memory usage. Loaded Objects now: 2499.
Total: 2.099300 ms (FindLiveObjects: 0.203000 ms CreateObjectMapping: 0.067200 ms MarkObjects: 1.740000 ms  DeleteObjects: 0.088400 ms)

========================================================================
Received Prepare
Registering precompiled user dll's ...
Registered in 0.001469 seconds.
Begin MonoManager ReloadAssembly
Native extension for LinuxStandalone target not found
Native extension for WindowsStandalone target not found
Native extension for OSXStandalone target not found
Native extension for WebGL target not found
Refreshing native plugins compatible for Editor in 0.37 ms, found 1 plugins.
Preloading 0 native plugins for Editor in 0.00 ms.
Mono: successfully reloaded assembly
- Completed reload, in  0.732 seconds
Platform modules already initialized, skipping
Refreshing native plugins compatible for Editor in 0.37 ms, found 1 plugins.
Preloading 0 native plugins for Editor in 0.00 ms.
Unloading 1991 Unused Serialized files (Serialized files now loaded: 0)
System memory in use before: 91.7 MB.
System memory in use after: 91.6 MB.

Unloading 15 unused Assets to reduce memory usage. Loaded Objects now: 2503.
Total: 1.773100 ms (FindLiveObjects: 0.183700 ms CreateObjectMapping: 0.065200 ms MarkObjects: 1.411500 ms  DeleteObjects: 0.111900 ms)

========================================================================
Received Import Request.
  Time since last request: 189.768976 seconds.
  path: Assets/Scripts/Inventory/Player/PlayerInventoryUI.cs
  artifactKey: Guid(f7a55dbd7d4a50a488c5d1b5534cb1f8) Importer(815301076,1909f56bfc062723c751e8b465ee728b)
Start importing Assets/Scripts/Inventory/Player/PlayerInventoryUI.cs using Guid(f7a55dbd7d4a50a488c5d1b5534cb1f8) Importer(815301076,1909f56bfc062723c751e8b465ee728b)  -> (artifact id: '0492bd2bf9c5f5915cbe84c7a0715b62') in 0.003586 seconds
  Import took 0.006049 seconds .

========================================================================
Received Prepare
Registering precompiled user dll's ...
Registered in 0.001538 seconds.
Begin MonoManager ReloadAssembly
Native extension for LinuxStandalone target not found
Native extension for WindowsStandalone target not found
Native extension for OSXStandalone target not found
Native extension for WebGL target not found
Refreshing native plugins compatible for Editor in 0.37 ms, found 1 plugins.
Preloading 0 native plugins for Editor in 0.00 ms.
Mono: successfully reloaded assembly
- Completed reload, in  0.713 seconds
Platform modules already initialized, skipping
Refreshing native plugins compatible for Editor in 0.37 ms, found 1 plugins.
Preloading 0 native plugins for Editor in 0.00 ms.
Unloading 1991 Unused Serialized files (Serialized files now loaded: 0)
System memory in use before: 91.7 MB.
System memory in use after: 91.6 MB.

Unloading 15 unused Assets to reduce memory usage. Loaded Objects now: 2507.
Total: 1.753000 ms (FindLiveObjects: 0.187600 ms CreateObjectMapping: 0.061000 ms MarkObjects: 1.411000 ms  DeleteObjects: 0.092800 ms)

========================================================================
Received Import Request.
  Time since last request: 177.879697 seconds.
  path: Assets/Scripts/Inventory/Player/PlayerInventoryUI.cs
  artifactKey: Guid(f7a55dbd7d4a50a488c5d1b5534cb1f8) Importer(815301076,1909f56bfc062723c751e8b465ee728b)
Start importing Assets/Scripts/Inventory/Player/PlayerInventoryUI.cs using Guid(f7a55dbd7d4a50a488c5d1b5534cb1f8) Importer(815301076,1909f56bfc062723c751e8b465ee728b)  -> (artifact id: '6cdbf9ede9941276a76865776c0a1b36') in 0.003881 seconds
  Import took 0.006464 seconds .

========================================================================
Received Prepare
Registering precompiled user dll's ...
Registered in 0.120870 seconds.
Begin MonoManager ReloadAssembly
Native extension for LinuxStandalone target not found
Native extension for WindowsStandalone target not found
Native extension for OSXStandalone target not found
Native extension for WebGL target not found
Refreshing native plugins compatible for Editor in 0.40 ms, found 1 plugins.
Preloading 0 native plugins for Editor in 0.00 ms.
Mono: successfully reloaded assembly
- Completed reload, in  0.806 seconds
Platform modules already initialized, skipping
Refreshing native plugins compatible for Editor in 0.39 ms, found 1 plugins.
Preloading 0 native plugins for Editor in 0.00 ms.
Unloading 1991 Unused Serialized files (Serialized files now loaded: 0)
System memory in use before: 91.7 MB.
System memory in use after: 91.7 MB.

Unloading 15 unused Assets to reduce memory usage. Loaded Objects now: 2511.
Total: 2.119200 ms (FindLiveObjects: 0.178000 ms CreateObjectMapping: 0.052100 ms MarkObjects: 1.794400 ms  DeleteObjects: 0.093800 ms)

========================================================================
Received Prepare
Registering precompiled user dll's ...
Registered in 0.001573 seconds.
Begin MonoManager ReloadAssembly
Native extension for LinuxStandalone target not found
Native extension for WindowsStandalone target not found
Native extension for OSXStandalone target not found
Native extension for WebGL target not found
Refreshing native plugins compatible for Editor in 0.38 ms, found 1 plugins.
Preloading 0 native plugins for Editor in 0.00 ms.
Mono: successfully reloaded assembly
- Completed reload, in  0.756 seconds
Platform modules already initialized, skipping
Refreshing native plugins compatible for Editor in 0.37 ms, found 1 plugins.
Preloading 0 native plugins for Editor in 0.00 ms.
Unloading 1991 Unused Serialized files (Serialized files now loaded: 0)
System memory in use before: 91.7 MB.
System memory in use after: 91.7 MB.

Unloading 15 unused Assets to reduce memory usage. Loaded Objects now: 2515.
Total: 1.793600 ms (FindLiveObjects: 0.177300 ms CreateObjectMapping: 0.050800 ms MarkObjects: 1.474200 ms  DeleteObjects: 0.090400 ms)

========================================================================
Received Prepare
Registering precompiled user dll's ...
Registered in 0.001523 seconds.
Begin MonoManager ReloadAssembly
Native extension for LinuxStandalone target not found
Native extension for WindowsStandalone target not found
Native extension for OSXStandalone target not found
Native extension for WebGL target not found
Refreshing native plugins compatible for Editor in 0.38 ms, found 1 plugins.
Preloading 0 native plugins for Editor in 0.00 ms.
Mono: successfully reloaded assembly
- Completed reload, in  0.741 seconds
Platform modules already initialized, skipping
Refreshing native plugins compatible for Editor in 0.37 ms, found 1 plugins.
Preloading 0 native plugins for Editor in 0.00 ms.
Unloading 1991 Unused Serialized files (Serialized files now loaded: 0)
System memory in use before: 91.7 MB.
System memory in use after: 91.7 MB.

Unloading 15 unused Assets to reduce memory usage. Loaded Objects now: 2519.
Total: 1.916600 ms (FindLiveObjects: 0.183600 ms CreateObjectMapping: 0.050200 ms MarkObjects: 1.592200 ms  DeleteObjects: 0.089800 ms)

========================================================================
Received Prepare
Registering precompiled user dll's ...
Registered in 0.001565 seconds.
Begin MonoManager ReloadAssembly
Native extension for LinuxStandalone target not found
Native extension for WindowsStandalone target not found
Native extension for OSXStandalone target not found
Native extension for WebGL target not found
Refreshing native plugins compatible for Editor in 0.39 ms, found 1 plugins.
Preloading 0 native plugins for Editor in 0.00 ms.
Mono: successfully reloaded assembly
- Completed reload, in  0.749 seconds
Platform modules already initialized, skipping
Refreshing native plugins compatible for Editor in 0.37 ms, found 1 plugins.
Preloading 0 native plugins for Editor in 0.00 ms.
Unloading 1991 Unused Serialized files (Serialized files now loaded: 0)
System memory in use before: 91.7 MB.
System memory in use after: 91.7 MB.

Unloading 15 unused Assets to reduce memory usage. Loaded Objects now: 2523.
Total: 1.953800 ms (FindLiveObjects: 0.191200 ms CreateObjectMapping: 0.053100 ms MarkObjects: 1.594300 ms  DeleteObjects: 0.114700 ms)

========================================================================
Received Prepare
Registering precompiled user dll's ...
Registered in 0.001541 seconds.
Begin MonoManager ReloadAssembly
Native extension for LinuxStandalone target not found
Native extension for WindowsStandalone target not found
Native extension for OSXStandalone target not found
Native extension for WebGL target not found
Refreshing native plugins compatible for Editor in 0.40 ms, found 1 plugins.
Preloading 0 native plugins for Editor in 0.00 ms.
Mono: successfully reloaded assembly
- Completed reload, in  0.875 seconds
Platform modules already initialized, skipping
Refreshing native plugins compatible for Editor in 0.43 ms, found 1 plugins.
Preloading 0 native plugins for Editor in 0.00 ms.
Unloading 1991 Unused Serialized files (Serialized files now loaded: 0)
System memory in use before: 91.7 MB.
System memory in use after: 91.7 MB.

Unloading 15 unused Assets to reduce memory usage. Loaded Objects now: 2527.
Total: 3.022500 ms (FindLiveObjects: 0.174000 ms CreateObjectMapping: 0.049200 ms MarkObjects: 2.633500 ms  DeleteObjects: 0.164800 ms)

========================================================================
Received Import Request.
  Time since last request: 4682.900159 seconds.
  path: Assets/Scripts/Utils/Inventory
  artifactKey: Guid(40e3ff14234eb3c45a41ca99bf012cc8) Importer(815301076,1909f56bfc062723c751e8b465ee728b)
Start importing Assets/Scripts/Utils/Inventory using Guid(40e3ff14234eb3c45a41ca99bf012cc8) Importer(815301076,1909f56bfc062723c751e8b465ee728b)  -> (artifact id: 'bb88c388099c76841fd235ded92aac60') in 0.008096 seconds
  Import took 0.032809 seconds .

========================================================================
Received Import Request.
  Time since last request: 30.685768 seconds.
  path: Assets/Scripts/Utils/Inventory/ShopSlotsHelper.cs
  artifactKey: Guid(b5807c8e7427e5341991435c73164626) Importer(815301076,1909f56bfc062723c751e8b465ee728b)
Start importing Assets/Scripts/Utils/Inventory/ShopSlotsHelper.cs using Guid(b5807c8e7427e5341991435c73164626) Importer(815301076,1909f56bfc062723c751e8b465ee728b)  -> (artifact id: '0371b4d6e5f0664d8fb29783757e885d') in 0.008355 seconds
  Import took 0.011200 seconds .

========================================================================
Received Prepare
Registering precompiled user dll's ...
Registered in 0.001578 seconds.
Begin MonoManager ReloadAssembly
Native extension for LinuxStandalone target not found
Native extension for WindowsStandalone target not found
Native extension for OSXStandalone target not found
Native extension for WebGL target not found
Refreshing native plugins compatible for Editor in 0.39 ms, found 1 plugins.
Preloading 0 native plugins for Editor in 0.00 ms.
Mono: successfully reloaded assembly
- Completed reload, in  0.832 seconds
Platform modules already initialized, skipping
Refreshing native plugins compatible for Editor in 0.45 ms, found 1 plugins.
Preloading 0 native plugins for Editor in 0.00 ms.
Unloading 1992 Unused Serialized files (Serialized files now loaded: 0)
System memory in use before: 91.7 MB.
System memory in use after: 91.7 MB.

Unloading 15 unused Assets to reduce memory usage. Loaded Objects now: 2532.
Total: 1.893500 ms (FindLiveObjects: 0.183100 ms CreateObjectMapping: 0.054100 ms MarkObjects: 1.568200 ms  DeleteObjects: 0.087300 ms)

========================================================================
Received Prepare
Registering precompiled user dll's ...
Registered in 0.001506 seconds.
Begin MonoManager ReloadAssembly
Native extension for LinuxStandalone target not found
Native extension for WindowsStandalone target not found
Native extension for OSXStandalone target not found
Native extension for WebGL target not found
Refreshing native plugins compatible for Editor in 0.39 ms, found 1 plugins.
Preloading 0 native plugins for Editor in 0.00 ms.
Mono: successfully reloaded assembly
- Completed reload, in  0.751 seconds
Platform modules already initialized, skipping
Refreshing native plugins compatible for Editor in 0.37 ms, found 1 plugins.
Preloading 0 native plugins for Editor in 0.00 ms.
Unloading 1992 Unused Serialized files (Serialized files now loaded: 0)
System memory in use before: 91.8 MB.
System memory in use after: 91.7 MB.

Unloading 15 unused Assets to reduce memory usage. Loaded Objects now: 2536.
Total: 1.919700 ms (FindLiveObjects: 0.205600 ms CreateObjectMapping: 0.053800 ms MarkObjects: 1.525400 ms  DeleteObjects: 0.134000 ms)

========================================================================
Received Import Request.
  Time since last request: 662.245217 seconds.
  path: Assets/Scripts/Utils/Inventory/ShopSlotsHelper.cs
  artifactKey: Guid(b5807c8e7427e5341991435c73164626) Importer(815301076,1909f56bfc062723c751e8b465ee728b)
Start importing Assets/Scripts/Utils/Inventory/ShopSlotsHelper.cs using Guid(b5807c8e7427e5341991435c73164626) Importer(815301076,1909f56bfc062723c751e8b465ee728b)  -> (artifact id: '860821b47b879d4a15541b778ff2d007') in 0.003923 seconds
  Import took 0.006455 seconds .

========================================================================
Received Prepare
Registering precompiled user dll's ...
Registered in 0.001636 seconds.
Begin MonoManager ReloadAssembly
Native extension for LinuxStandalone target not found
Native extension for WindowsStandalone target not found
Native extension for OSXStandalone target not found
Native extension for WebGL target not found
Refreshing native plugins compatible for Editor in 0.39 ms, found 1 plugins.
Preloading 0 native plugins for Editor in 0.00 ms.
Mono: successfully reloaded assembly
- Completed reload, in  0.793 seconds
Platform modules already initialized, skipping
Refreshing native plugins compatible for Editor in 0.39 ms, found 1 plugins.
Preloading 0 native plugins for Editor in 0.00 ms.
Unloading 1992 Unused Serialized files (Serialized files now loaded: 0)
System memory in use before: 91.8 MB.
System memory in use after: 91.7 MB.

Unloading 15 unused Assets to reduce memory usage. Loaded Objects now: 2540.
Total: 2.127500 ms (FindLiveObjects: 0.207600 ms CreateObjectMapping: 0.056100 ms MarkObjects: 1.751000 ms  DeleteObjects: 0.111800 ms)

========================================================================
Received Prepare
Registering precompiled user dll's ...
Registered in 0.001535 seconds.
Begin MonoManager ReloadAssembly
Native extension for LinuxStandalone target not found
Native extension for WindowsStandalone target not found
Native extension for OSXStandalone target not found
Native extension for WebGL target not found
Refreshing native plugins compatible for Editor in 0.38 ms, found 1 plugins.
Preloading 0 native plugins for Editor in 0.00 ms.
Mono: successfully reloaded assembly
- Completed reload, in  0.794 seconds
Platform modules already initialized, skipping
Refreshing native plugins compatible for Editor in 0.37 ms, found 1 plugins.
Preloading 0 native plugins for Editor in 0.00 ms.
Unloading 1992 Unused Serialized files (Serialized files now loaded: 0)
System memory in use before: 91.8 MB.
System memory in use after: 91.8 MB.

Unloading 15 unused Assets to reduce memory usage. Loaded Objects now: 2544.
Total: 1.890300 ms (FindLiveObjects: 0.188100 ms CreateObjectMapping: 0.057000 ms MarkObjects: 1.555100 ms  DeleteObjects: 0.089500 ms)

========================================================================
Received Prepare
Registering precompiled user dll's ...
Registered in 0.001548 seconds.
Begin MonoManager ReloadAssembly
Native extension for LinuxStandalone target not found
Native extension for WindowsStandalone target not found
Native extension for OSXStandalone target not found
Native extension for WebGL target not found
Refreshing native plugins compatible for Editor in 0.40 ms, found 1 plugins.
Preloading 0 native plugins for Editor in 0.00 ms.
Mono: successfully reloaded assembly
- Completed reload, in  0.746 seconds
Platform modules already initialized, skipping
Refreshing native plugins compatible for Editor in 0.37 ms, found 1 plugins.
Preloading 0 native plugins for Editor in 0.00 ms.
Unloading 1992 Unused Serialized files (Serialized files now loaded: 0)
System memory in use before: 91.8 MB.
System memory in use after: 91.8 MB.

Unloading 15 unused Assets to reduce memory usage. Loaded Objects now: 2548.
Total: 1.815000 ms (FindLiveObjects: 0.189800 ms CreateObjectMapping: 0.058400 ms MarkObjects: 1.472500 ms  DeleteObjects: 0.093400 ms)

========================================================================
Received Import Request.
  Time since last request: 5436.116813 seconds.
  path: Assets/Prefabs/UI/Inventory/InventoryUI.prefab
  artifactKey: Guid(23ec7872cfa3d8c45bae925ec93efb09) Importer(815301076,1909f56bfc062723c751e8b465ee728b)
Start importing Assets/Prefabs/UI/Inventory/InventoryUI.prefab using Guid(23ec7872cfa3d8c45bae925ec93efb09) Importer(815301076,1909f56bfc062723c751e8b465ee728b)  -> (artifact id: '4669dcaa29791fa0dd9aeef3b5941f59') in 0.064126 seconds
  Import took 0.067744 seconds .

========================================================================
Received Import Request.
  Time since last request: 184.615299 seconds.
  path: Assets/Prefabs/UI/Inventory/InventorySlot.prefab
  artifactKey: Guid(20fe0e80189fb0a45884b93ca641ddcf) Importer(815301076,1909f56bfc062723c751e8b465ee728b)
Start importing Assets/Prefabs/UI/Inventory/InventorySlot.prefab using Guid(20fe0e80189fb0a45884b93ca641ddcf) Importer(815301076,1909f56bfc062723c751e8b465ee728b)  -> (artifact id: '7d7be2f34f1c0edd11c6b7e75aabf631') in 0.008503 seconds
  Import took 0.011667 seconds .

========================================================================
Received Prepare
Registering precompiled user dll's ...
Registered in 0.001551 seconds.
Begin MonoManager ReloadAssembly
Native extension for LinuxStandalone target not found
Native extension for WindowsStandalone target not found
Native extension for OSXStandalone target not found
Native extension for WebGL target not found
Refreshing native plugins compatible for Editor in 0.46 ms, found 1 plugins.
Preloading 0 native plugins for Editor in 0.00 ms.
Mono: successfully reloaded assembly
- Completed reload, in  0.786 seconds
Platform modules already initialized, skipping
Refreshing native plugins compatible for Editor in 0.37 ms, found 1 plugins.
Preloading 0 native plugins for Editor in 0.00 ms.
Unloading 1992 Unused Serialized files (Serialized files now loaded: 0)
System memory in use before: 91.8 MB.
System memory in use after: 91.8 MB.

Unloading 15 unused Assets to reduce memory usage. Loaded Objects now: 2552.
Total: 2.473600 ms (FindLiveObjects: 0.173900 ms CreateObjectMapping: 0.067900 ms MarkObjects: 2.110300 ms  DeleteObjects: 0.120400 ms)

========================================================================
Received Prepare
Registering precompiled user dll's ...
Registered in 0.001574 seconds.
Begin MonoManager ReloadAssembly
Native extension for LinuxStandalone target not found
Native extension for WindowsStandalone target not found
Native extension for OSXStandalone target not found
Native extension for WebGL target not found
Refreshing native plugins compatible for Editor in 0.38 ms, found 1 plugins.
Preloading 0 native plugins for Editor in 0.00 ms.
Mono: successfully reloaded assembly
- Completed reload, in  0.753 seconds
Platform modules already initialized, skipping
Refreshing native plugins compatible for Editor in 0.37 ms, found 1 plugins.
Preloading 0 native plugins for Editor in 0.00 ms.
Unloading 1992 Unused Serialized files (Serialized files now loaded: 0)
System memory in use before: 91.8 MB.
System memory in use after: 91.8 MB.

Unloading 15 unused Assets to reduce memory usage. Loaded Objects now: 2556.
Total: 2.077000 ms (FindLiveObjects: 0.177900 ms CreateObjectMapping: 0.050400 ms MarkObjects: 1.759300 ms  DeleteObjects: 0.088600 ms)

========================================================================
Received Import Request.
  Time since last request: 157.572226 seconds.
  path: Assets/Prefabs/UI/Inventory/Slots
  artifactKey: Guid(3d6ccf3cf9ccb2844842df6b7968e476) Importer(815301076,1909f56bfc062723c751e8b465ee728b)
Start importing Assets/Prefabs/UI/Inventory/Slots using Guid(3d6ccf3cf9ccb2844842df6b7968e476) Importer(815301076,1909f56bfc062723c751e8b465ee728b)  -> (artifact id: '1ef7c14192fd4f53ab33e066c48c6f12') in 0.008249 seconds
  Import took 0.011699 seconds .

========================================================================
Received Import Request.
  Time since last request: 17.292413 seconds.
  path: Assets/Prefabs/UI/Inventory/Slots/PlayerInventorySlot Variant.prefab
  artifactKey: Guid(a05c159442f190940ae1a4ff91d3ef98) Importer(815301076,1909f56bfc062723c751e8b465ee728b)
Start importing Assets/Prefabs/UI/Inventory/Slots/PlayerInventorySlot Variant.prefab using Guid(a05c159442f190940ae1a4ff91d3ef98) Importer(815301076,1909f56bfc062723c751e8b465ee728b)  -> (artifact id: '238e2db5caef3e94262e55416a19463e') in 0.033349 seconds
  Import took 0.036496 seconds .

========================================================================
Received Import Request.
  Time since last request: 18.734134 seconds.
  path: Assets/Prefabs/UI/Inventory/InventoryPanels
  artifactKey: Guid(7d58709a35383b744bc02d60e973ecf7) Importer(815301076,1909f56bfc062723c751e8b465ee728b)
Start importing Assets/Prefabs/UI/Inventory/InventoryPanels using Guid(7d58709a35383b744bc02d60e973ecf7) Importer(815301076,1909f56bfc062723c751e8b465ee728b)  -> (artifact id: '28fbf4429a3dbbe22149a5ff53d20b24') in 0.007785 seconds
  Import took 0.011269 seconds .

========================================================================
Received Import Request.
  Time since last request: 59.971835 seconds.
  path: Assets/Prefabs/UI/Inventory/Slots/PlayerInventorySlot Variant 1.prefab
  artifactKey: Guid(98878b5ee1dfaf4418298dcdbb6065b5) Importer(815301076,1909f56bfc062723c751e8b465ee728b)
Start importing Assets/Prefabs/UI/Inventory/Slots/PlayerInventorySlot Variant 1.prefab using Guid(98878b5ee1dfaf4418298dcdbb6065b5) Importer(815301076,1909f56bfc062723c751e8b465ee728b)  -> (artifact id: '77127d4150b225fd4aeabd66c3ed3dfd') in 0.009917 seconds
  Import took 0.014292 seconds .

========================================================================
Received Import Request.
  Time since last request: 18.120957 seconds.
  path: Assets/Prefabs/UI/Inventory/Slots/ShopInventorySlot.prefab
  artifactKey: Guid(98878b5ee1dfaf4418298dcdbb6065b5) Importer(815301076,1909f56bfc062723c751e8b465ee728b)
Start importing Assets/Prefabs/UI/Inventory/Slots/ShopInventorySlot.prefab using Guid(98878b5ee1dfaf4418298dcdbb6065b5) Importer(815301076,1909f56bfc062723c751e8b465ee728b)  -> (artifact id: '36a98a8f3de309b4956fd4d34b491b13') in 0.008623 seconds
  Import took 0.012199 seconds .

========================================================================
Received Import Request.
  Time since last request: 580.806911 seconds.
  path: Assets/Prefabs/UI/Inventory/Slots/PlayerInventorySlot.prefab
  artifactKey: Guid(a05c159442f190940ae1a4ff91d3ef98) Importer(815301076,1909f56bfc062723c751e8b465ee728b)
Start importing Assets/Prefabs/UI/Inventory/Slots/PlayerInventorySlot.prefab using Guid(a05c159442f190940ae1a4ff91d3ef98) Importer(815301076,1909f56bfc062723c751e8b465ee728b)  -> (artifact id: '8e600d29a0116f3ed608a0fd850f3246') in 0.011354 seconds
  Import took 0.015345 seconds .

========================================================================
Received Import Request.
  Time since last request: 343.068148 seconds.
  path: Assets/Prefabs/UI/Inventory/InventoryPanels/PlayerInventory Variant.prefab
  artifactKey: Guid(3cb6bc7495f2326428821ba46884e164) Importer(815301076,1909f56bfc062723c751e8b465ee728b)
Start importing Assets/Prefabs/UI/Inventory/InventoryPanels/PlayerInventory Variant.prefab using Guid(3cb6bc7495f2326428821ba46884e164) Importer(815301076,1909f56bfc062723c751e8b465ee728b)  -> (artifact id: '266a9aba6c4794ae08c31b6564a07396') in 0.017138 seconds
  Import took 0.020639 seconds .

========================================================================
Received Import Request.
  Time since last request: 187.884715 seconds.
  path: Assets/Prefabs/UI/Inventory/InventoryPanels/InventoryUI.prefab
  artifactKey: Guid(23ec7872cfa3d8c45bae925ec93efb09) Importer(815301076,1909f56bfc062723c751e8b465ee728b)
Start importing Assets/Prefabs/UI/Inventory/InventoryPanels/InventoryUI.prefab using Guid(23ec7872cfa3d8c45bae925ec93efb09) Importer(815301076,1909f56bfc062723c751e8b465ee728b)  -> (artifact id: 'aecfc9a69b29562a55f3c73ad8001be6') in 0.010054 seconds
  Import took 0.014664 seconds .

========================================================================
Received Import Request.
  Time since last request: 643.558914 seconds.
  path: Assets/Prefabs/UI/Button/BackButton Variant.prefab
  artifactKey: Guid(6604f2ddbecf5104bae8e25c28009f24) Importer(815301076,1909f56bfc062723c751e8b465ee728b)
Start importing Assets/Prefabs/UI/Button/BackButton Variant.prefab using Guid(6604f2ddbecf5104bae8e25c28009f24) Importer(815301076,1909f56bfc062723c751e8b465ee728b)  -> (artifact id: '509dce3e2f5ecdba1fd935e11e955e66') in 0.013959 seconds
  Import took 0.018195 seconds .

========================================================================
Received Import Request.
  Time since last request: 16.677282 seconds.
  path: Assets/Prefabs/UI/Button/BackButton.prefab
  artifactKey: Guid(6604f2ddbecf5104bae8e25c28009f24) Importer(815301076,1909f56bfc062723c751e8b465ee728b)
Start importing Assets/Prefabs/UI/Button/BackButton.prefab using Guid(6604f2ddbecf5104bae8e25c28009f24) Importer(815301076,1909f56bfc062723c751e8b465ee728b)  -> (artifact id: 'cb8c2303b8b7542e5bd8fdba41d4d4ed') in 0.010672 seconds
  Import took 0.015370 seconds .

========================================================================
Received Prepare
Registering precompiled user dll's ...
Registered in 0.001642 seconds.
Begin MonoManager ReloadAssembly
Native extension for LinuxStandalone target not found
Native extension for WindowsStandalone target not found
Native extension for OSXStandalone target not found
Native extension for WebGL target not found
Refreshing native plugins compatible for Editor in 0.37 ms, found 1 plugins.
Preloading 0 native plugins for Editor in 0.00 ms.
Mono: successfully reloaded assembly
- Completed reload, in  0.732 seconds
Platform modules already initialized, skipping
Refreshing native plugins compatible for Editor in 0.37 ms, found 1 plugins.
Preloading 0 native plugins for Editor in 0.00 ms.
Unloading 1992 Unused Serialized files (Serialized files now loaded: 0)
System memory in use before: 91.9 MB.
System memory in use after: 91.9 MB.

Unloading 15 unused Assets to reduce memory usage. Loaded Objects now: 2560.
Total: 1.819600 ms (FindLiveObjects: 0.162600 ms CreateObjectMapping: 0.056800 ms MarkObjects: 1.484500 ms  DeleteObjects: 0.115000 ms)

========================================================================
Received Prepare
Registering precompiled user dll's ...
Registered in 0.001548 seconds.
Begin MonoManager ReloadAssembly
Native extension for LinuxStandalone target not found
Native extension for WindowsStandalone target not found
Native extension for OSXStandalone target not found
Native extension for WebGL target not found
Refreshing native plugins compatible for Editor in 0.38 ms, found 1 plugins.
Preloading 0 native plugins for Editor in 0.00 ms.
Mono: successfully reloaded assembly
- Completed reload, in  0.746 seconds
Platform modules already initialized, skipping
Refreshing native plugins compatible for Editor in 0.40 ms, found 1 plugins.
Preloading 0 native plugins for Editor in 0.00 ms.
Unloading 1992 Unused Serialized files (Serialized files now loaded: 0)
System memory in use before: 91.9 MB.
System memory in use after: 91.9 MB.

Unloading 15 unused Assets to reduce memory usage. Loaded Objects now: 2564.
Total: 2.023800 ms (FindLiveObjects: 0.236900 ms CreateObjectMapping: 0.066700 ms MarkObjects: 1.617300 ms  DeleteObjects: 0.101900 ms)

========================================================================
Received Prepare
Registering precompiled user dll's ...
Registered in 0.001581 seconds.
Begin MonoManager ReloadAssembly
Native extension for LinuxStandalone target not found
Native extension for WindowsStandalone target not found
Native extension for OSXStandalone target not found
Native extension for WebGL target not found
Refreshing native plugins compatible for Editor in 0.40 ms, found 1 plugins.
Preloading 0 native plugins for Editor in 0.00 ms.
Mono: successfully reloaded assembly
- Completed reload, in  0.756 seconds
Platform modules already initialized, skipping
Refreshing native plugins compatible for Editor in 0.37 ms, found 1 plugins.
Preloading 0 native plugins for Editor in 0.00 ms.
Unloading 1992 Unused Serialized files (Serialized files now loaded: 0)
System memory in use before: 91.9 MB.
System memory in use after: 91.9 MB.

Unloading 15 unused Assets to reduce memory usage. Loaded Objects now: 2568.
Total: 2.214500 ms (FindLiveObjects: 0.179800 ms CreateObjectMapping: 0.054000 ms MarkObjects: 1.879100 ms  DeleteObjects: 0.100900 ms)

========================================================================
Received Prepare
Registering precompiled user dll's ...
Registered in 0.001610 seconds.
Begin MonoManager ReloadAssembly
Native extension for LinuxStandalone target not found
Native extension for WindowsStandalone target not found
Native extension for OSXStandalone target not found
Native extension for WebGL target not found
Refreshing native plugins compatible for Editor in 0.39 ms, found 1 plugins.
Preloading 0 native plugins for Editor in 0.00 ms.
Mono: successfully reloaded assembly
- Completed reload, in  0.773 seconds
Platform modules already initialized, skipping
Refreshing native plugins compatible for Editor in 0.37 ms, found 1 plugins.
Preloading 0 native plugins for Editor in 0.00 ms.
Unloading 1992 Unused Serialized files (Serialized files now loaded: 0)
System memory in use before: 91.9 MB.
System memory in use after: 91.9 MB.

Unloading 15 unused Assets to reduce memory usage. Loaded Objects now: 2572.
Total: 1.983500 ms (FindLiveObjects: 0.186500 ms CreateObjectMapping: 0.059800 ms MarkObjects: 1.649700 ms  DeleteObjects: 0.086800 ms)

========================================================================
Received Import Request.
  Time since last request: 1512.964908 seconds.
  path: Assets/Prefabs/UI/Inventory/InventoryPanels/PlayerInventory Variant.prefab
  artifactKey: Guid(3cb6bc7495f2326428821ba46884e164) Importer(815301076,1909f56bfc062723c751e8b465ee728b)
Start importing Assets/Prefabs/UI/Inventory/InventoryPanels/PlayerInventory Variant.prefab using Guid(3cb6bc7495f2326428821ba46884e164) Importer(815301076,1909f56bfc062723c751e8b465ee728b)  -> (artifact id: 'a390063fee18e8450d4a89b8f3a7e134') in 0.044397 seconds
  Import took 0.048952 seconds .

========================================================================
Received Import Request.
  Time since last request: 4.957010 seconds.
  path: Assets/Prefabs/UI/Inventory/InventoryPanels/PlayerInventory.prefab
  artifactKey: Guid(3cb6bc7495f2326428821ba46884e164) Importer(815301076,1909f56bfc062723c751e8b465ee728b)
Start importing Assets/Prefabs/UI/Inventory/InventoryPanels/PlayerInventory.prefab using Guid(3cb6bc7495f2326428821ba46884e164) Importer(815301076,1909f56bfc062723c751e8b465ee728b)  -> (artifact id: '21ac22760ec74522fedb6af76dfa9fbd') in 0.011578 seconds
  Import took 0.015637 seconds .

========================================================================
Received Import Request.
  Time since last request: 15.242674 seconds.
  path: Assets/Prefabs/UI/Inventory/InventoryPanels/ShopUIPanels.prefab
  artifactKey: Guid(faae841a45a834b4c831c4146ea07e4e) Importer(815301076,1909f56bfc062723c751e8b465ee728b)
Start importing Assets/Prefabs/UI/Inventory/InventoryPanels/ShopUIPanels.prefab using Guid(faae841a45a834b4c831c4146ea07e4e) Importer(815301076,1909f56bfc062723c751e8b465ee728b)  -> (artifact id: 'dbcba88852da57b176f22418fc020fe7') in 0.035424 seconds
  Import took 0.039285 seconds .

========================================================================
Received Import Request.
  Time since last request: 0.000209 seconds.
  path: Assets/Prefabs/UI/Inventory/InventoryPanels/ShopUIPanels.prefab
  artifactKey: Guid(faae841a45a834b4c831c4146ea07e4e) Importer(815301076,1909f56bfc062723c751e8b465ee728b)
Start importing Assets/Prefabs/UI/Inventory/InventoryPanels/ShopUIPanels.prefab using Guid(faae841a45a834b4c831c4146ea07e4e) Importer(815301076,1909f56bfc062723c751e8b465ee728b)  -> (artifact id: 'dbcba88852da57b176f22418fc020fe7') in 0.010538 seconds
  Import took 0.014831 seconds .

========================================================================
Received Import Request.
  Time since last request: 152.574572 seconds.
  path: Assets/Prefabs/UI/Inventory/Slots/ShopInventorySlot.prefab
  artifactKey: Guid(98878b5ee1dfaf4418298dcdbb6065b5) Importer(815301076,1909f56bfc062723c751e8b465ee728b)
Start importing Assets/Prefabs/UI/Inventory/Slots/ShopInventorySlot.prefab using Guid(98878b5ee1dfaf4418298dcdbb6065b5) Importer(815301076,1909f56bfc062723c751e8b465ee728b)  -> (artifact id: '7bf85005417e74989117df1e49e44e65') in 0.004385 seconds
  Import took 0.007578 seconds .

========================================================================
Received Import Request.
  Time since last request: 0.001005 seconds.
  path: Assets/Prefabs/UI/Inventory/Slots/ShopInventorySlot.prefab
  artifactKey: Guid(98878b5ee1dfaf4418298dcdbb6065b5) Importer(815301076,1909f56bfc062723c751e8b465ee728b)
Start importing Assets/Prefabs/UI/Inventory/Slots/ShopInventorySlot.prefab using Guid(98878b5ee1dfaf4418298dcdbb6065b5) Importer(815301076,1909f56bfc062723c751e8b465ee728b)  -> (artifact id: '7bf85005417e74989117df1e49e44e65') in 0.004258 seconds
  Import took 0.008152 seconds .

========================================================================
Received Import Request.
  Time since last request: 53.596623 seconds.
  path: Assets/Prefabs/UI/Inventory/Slots/ShopBuyInventorySlot Variant.prefab
  artifactKey: Guid(09d5e0947cf84f54eb48a55b615b9719) Importer(815301076,1909f56bfc062723c751e8b465ee728b)
Start importing Assets/Prefabs/UI/Inventory/Slots/ShopBuyInventorySlot Variant.prefab using Guid(09d5e0947cf84f54eb48a55b615b9719) Importer(815301076,1909f56bfc062723c751e8b465ee728b)  -> (artifact id: 'cdd41d20422b3486c3424a22b5dde83f') in 0.008549 seconds
  Import took 0.011794 seconds .

========================================================================
Received Import Request.
  Time since last request: 8.115952 seconds.
  path: Assets/Prefabs/UI/Inventory/Slots/ShopSellInventorySlot Variant.prefab
  artifactKey: Guid(3ffe7deac43885d46ac5fe5c50a7fccd) Importer(815301076,1909f56bfc062723c751e8b465ee728b)
Start importing Assets/Prefabs/UI/Inventory/Slots/ShopSellInventorySlot Variant.prefab using Guid(3ffe7deac43885d46ac5fe5c50a7fccd) Importer(815301076,1909f56bfc062723c751e8b465ee728b)  -> (artifact id: '9fd3991c72ac19c24e0f9972bde3aac2') in 0.010244 seconds
  Import took 0.014158 seconds .

========================================================================
Received Import Request.
  Time since last request: 63.325621 seconds.
  path: Assets/Prefabs/UI/Inventory/Slots/ShopBuyInventorySlot.prefab
  artifactKey: Guid(09d5e0947cf84f54eb48a55b615b9719) Importer(815301076,1909f56bfc062723c751e8b465ee728b)
Start importing Assets/Prefabs/UI/Inventory/Slots/ShopBuyInventorySlot.prefab using Guid(09d5e0947cf84f54eb48a55b615b9719) Importer(815301076,1909f56bfc062723c751e8b465ee728b)  -> (artifact id: 'c7066c59e50c533574d4b743de4ea12b') in 0.009213 seconds
  Import took 0.013141 seconds .

========================================================================
Received Import Request.
  Time since last request: 6.260846 seconds.
  path: Assets/Prefabs/UI/Inventory/Slots/ShopSellInventorySlot.prefab
  artifactKey: Guid(3ffe7deac43885d46ac5fe5c50a7fccd) Importer(815301076,1909f56bfc062723c751e8b465ee728b)
Start importing Assets/Prefabs/UI/Inventory/Slots/ShopSellInventorySlot.prefab using Guid(3ffe7deac43885d46ac5fe5c50a7fccd) Importer(815301076,1909f56bfc062723c751e8b465ee728b)  -> (artifact id: 'ee3c3aef25c904355c433cc9c64ffd65') in 0.009306 seconds
  Import took 0.013130 seconds .

========================================================================
Received Prepare
Registering precompiled user dll's ...
Registered in 0.001587 seconds.
Begin MonoManager ReloadAssembly
Native extension for LinuxStandalone target not found
Native extension for WindowsStandalone target not found
Native extension for OSXStandalone target not found
Native extension for WebGL target not found
Refreshing native plugins compatible for Editor in 0.38 ms, found 1 plugins.
Preloading 0 native plugins for Editor in 0.00 ms.
Mono: successfully reloaded assembly
- Completed reload, in  0.774 seconds
Platform modules already initialized, skipping
Refreshing native plugins compatible for Editor in 0.40 ms, found 1 plugins.
Preloading 0 native plugins for Editor in 0.00 ms.
Unloading 1992 Unused Serialized files (Serialized files now loaded: 0)
System memory in use before: 91.9 MB.
System memory in use after: 91.9 MB.

Unloading 15 unused Assets to reduce memory usage. Loaded Objects now: 2576.
Total: 1.946500 ms (FindLiveObjects: 0.191400 ms CreateObjectMapping: 0.060500 ms MarkObjects: 1.606900 ms  DeleteObjects: 0.086900 ms)

========================================================================
Received Prepare
Registering precompiled user dll's ...
Registered in 0.001523 seconds.
Begin MonoManager ReloadAssembly
Native extension for LinuxStandalone target not found
Native extension for WindowsStandalone target not found
Native extension for OSXStandalone target not found
Native extension for WebGL target not found
Refreshing native plugins compatible for Editor in 0.41 ms, found 1 plugins.
Preloading 0 native plugins for Editor in 0.00 ms.
Mono: successfully reloaded assembly
- Completed reload, in  0.734 seconds
Platform modules already initialized, skipping
Refreshing native plugins compatible for Editor in 0.36 ms, found 1 plugins.
Preloading 0 native plugins for Editor in 0.00 ms.
Unloading 1992 Unused Serialized files (Serialized files now loaded: 0)
System memory in use before: 92.0 MB.
System memory in use after: 91.9 MB.

Unloading 15 unused Assets to reduce memory usage. Loaded Objects now: 2580.
Total: 1.901200 ms (FindLiveObjects: 0.197300 ms CreateObjectMapping: 0.067100 ms MarkObjects: 1.533900 ms  DeleteObjects: 0.101800 ms)

========================================================================
Received Prepare
Registering precompiled user dll's ...
Registered in 0.001593 seconds.
Begin MonoManager ReloadAssembly
Native extension for LinuxStandalone target not found
Native extension for WindowsStandalone target not found
Native extension for OSXStandalone target not found
Native extension for WebGL target not found
Refreshing native plugins compatible for Editor in 0.39 ms, found 1 plugins.
Preloading 0 native plugins for Editor in 0.00 ms.
Mono: successfully reloaded assembly
- Completed reload, in  0.787 seconds
Platform modules already initialized, skipping
Refreshing native plugins compatible for Editor in 0.37 ms, found 1 plugins.
Preloading 0 native plugins for Editor in 0.00 ms.
Unloading 1992 Unused Serialized files (Serialized files now loaded: 0)
System memory in use before: 92.0 MB.
System memory in use after: 91.9 MB.

Unloading 15 unused Assets to reduce memory usage. Loaded Objects now: 2584.
Total: 1.997200 ms (FindLiveObjects: 0.192900 ms CreateObjectMapping: 0.054300 ms MarkObjects: 1.643300 ms  DeleteObjects: 0.106100 ms)

========================================================================
Received Import Request.
  Time since last request: 1693.768950 seconds.
  path: Assets/Scripts/Managers/PlayerManager.cs
  artifactKey: Guid(8382d1e61376ed143855ded1b8c425a2) Importer(815301076,1909f56bfc062723c751e8b465ee728b)
Start importing Assets/Scripts/Managers/PlayerManager.cs using Guid(8382d1e61376ed143855ded1b8c425a2) Importer(815301076,1909f56bfc062723c751e8b465ee728b)  -> (artifact id: '2e70b3f044d50a114758b54c0249cf71') in 0.011181 seconds
  Import took 0.015126 seconds .

========================================================================
Received Prepare
Registering precompiled user dll's ...
Registered in 0.001567 seconds.
Begin MonoManager ReloadAssembly
Native extension for LinuxStandalone target not found
Native extension for WindowsStandalone target not found
Native extension for OSXStandalone target not found
Native extension for WebGL target not found
Refreshing native plugins compatible for Editor in 0.40 ms, found 1 plugins.
Preloading 0 native plugins for Editor in 0.00 ms.
Mono: successfully reloaded assembly
- Completed reload, in  0.743 seconds
Platform modules already initialized, skipping
Refreshing native plugins compatible for Editor in 0.41 ms, found 1 plugins.
Preloading 0 native plugins for Editor in 0.00 ms.
Unloading 1992 Unused Serialized files (Serialized files now loaded: 0)
System memory in use before: 92.0 MB.
System memory in use after: 91.9 MB.

Unloading 15 unused Assets to reduce memory usage. Loaded Objects now: 2588.
Total: 2.046900 ms (FindLiveObjects: 0.196700 ms CreateObjectMapping: 0.095800 ms MarkObjects: 1.657400 ms  DeleteObjects: 0.096300 ms)

========================================================================
Received Prepare
Registering precompiled user dll's ...
Registered in 0.001673 seconds.
Begin MonoManager ReloadAssembly
Native extension for LinuxStandalone target not found
Native extension for WindowsStandalone target not found
Native extension for OSXStandalone target not found
Native extension for WebGL target not found
Refreshing native plugins compatible for Editor in 0.43 ms, found 1 plugins.
Preloading 0 native plugins for Editor in 0.00 ms.
Mono: successfully reloaded assembly
- Completed reload, in  0.775 seconds
Platform modules already initialized, skipping
Refreshing native plugins compatible for Editor in 0.36 ms, found 1 plugins.
Preloading 0 native plugins for Editor in 0.00 ms.
Unloading 1992 Unused Serialized files (Serialized files now loaded: 0)
System memory in use before: 92.0 MB.
System memory in use after: 92.0 MB.

Unloading 15 unused Assets to reduce memory usage. Loaded Objects now: 2592.
Total: 1.989100 ms (FindLiveObjects: 0.186200 ms CreateObjectMapping: 0.050900 ms MarkObjects: 1.658000 ms  DeleteObjects: 0.093300 ms)

========================================================================
Received Prepare
Registering precompiled user dll's ...
Registered in 0.001592 seconds.
Begin MonoManager ReloadAssembly
Native extension for LinuxStandalone target not found
Native extension for WindowsStandalone target not found
Native extension for OSXStandalone target not found
Native extension for WebGL target not found
Refreshing native plugins compatible for Editor in 0.40 ms, found 1 plugins.
Preloading 0 native plugins for Editor in 0.00 ms.
Mono: successfully reloaded assembly
- Completed reload, in  0.784 seconds
Platform modules already initialized, skipping
Refreshing native plugins compatible for Editor in 0.37 ms, found 1 plugins.
Preloading 0 native plugins for Editor in 0.00 ms.
Unloading 1992 Unused Serialized files (Serialized files now loaded: 0)
System memory in use before: 92.0 MB.
System memory in use after: 92.0 MB.

Unloading 15 unused Assets to reduce memory usage. Loaded Objects now: 2596.
Total: 1.965700 ms (FindLiveObjects: 0.191000 ms CreateObjectMapping: 0.051000 ms MarkObjects: 1.633700 ms  DeleteObjects: 0.089200 ms)

========================================================================
Received Import Request.
  Time since last request: 1291.681223 seconds.
  path: Assets/Scripts/Player/PlayerSetup.cs
  artifactKey: Guid(85dcbd5e00ca75b44aa691aa0d7fedcb) Importer(815301076,1909f56bfc062723c751e8b465ee728b)
Start importing Assets/Scripts/Player/PlayerSetup.cs using Guid(85dcbd5e00ca75b44aa691aa0d7fedcb) Importer(815301076,1909f56bfc062723c751e8b465ee728b)  -> (artifact id: '47d4f8e1d7b7e6e10281bec0a767b939') in 0.007608 seconds
  Import took 0.010228 seconds .

========================================================================
Received Import Request.
  Time since last request: 0.000262 seconds.
  path: Assets/Scripts/ScriptableObjects/Item.cs
  artifactKey: Guid(20d47ccdc075a4d45baaf53262cfe3b0) Importer(815301076,1909f56bfc062723c751e8b465ee728b)
Start importing Assets/Scripts/ScriptableObjects/Item.cs using Guid(20d47ccdc075a4d45baaf53262cfe3b0) Importer(815301076,1909f56bfc062723c751e8b465ee728b)  -> (artifact id: 'e6fd5a5f21feca86dccdb48f59187a3c') in 0.005491 seconds
  Import took 0.008512 seconds .

========================================================================
Received Prepare
Registering precompiled user dll's ...
Registered in 0.002028 seconds.
Begin MonoManager ReloadAssembly
Native extension for LinuxStandalone target not found
Native extension for WindowsStandalone target not found
Native extension for OSXStandalone target not found
Native extension for WebGL target not found
Refreshing native plugins compatible for Editor in 0.40 ms, found 1 plugins.
Preloading 0 native plugins for Editor in 0.00 ms.
Mono: successfully reloaded assembly
- Completed reload, in  0.752 seconds
Platform modules already initialized, skipping
Refreshing native plugins compatible for Editor in 0.43 ms, found 1 plugins.
Preloading 0 native plugins for Editor in 0.00 ms.
Unloading 1992 Unused Serialized files (Serialized files now loaded: 0)
System memory in use before: 92.0 MB.
System memory in use after: 92.0 MB.

Unloading 15 unused Assets to reduce memory usage. Loaded Objects now: 2600.
Total: 1.897600 ms (FindLiveObjects: 0.188900 ms CreateObjectMapping: 0.061500 ms MarkObjects: 1.556400 ms  DeleteObjects: 0.090100 ms)

========================================================================
Received Prepare
Registering precompiled user dll's ...
Registered in 0.001521 seconds.
Begin MonoManager ReloadAssembly
Native extension for LinuxStandalone target not found
Native extension for WindowsStandalone target not found
Native extension for OSXStandalone target not found
Native extension for WebGL target not found
Refreshing native plugins compatible for Editor in 0.38 ms, found 1 plugins.
Preloading 0 native plugins for Editor in 0.00 ms.
Mono: successfully reloaded assembly
- Completed reload, in  0.745 seconds
Platform modules already initialized, skipping
Refreshing native plugins compatible for Editor in 0.38 ms, found 1 plugins.
Preloading 0 native plugins for Editor in 0.00 ms.
Unloading 1992 Unused Serialized files (Serialized files now loaded: 0)
System memory in use before: 92.0 MB.
System memory in use after: 92.0 MB.

Unloading 15 unused Assets to reduce memory usage. Loaded Objects now: 2604.
Total: 1.902300 ms (FindLiveObjects: 0.199900 ms CreateObjectMapping: 0.052000 ms MarkObjects: 1.555700 ms  DeleteObjects: 0.093900 ms)

========================================================================
Received Prepare
Registering precompiled user dll's ...
Registered in 0.001569 seconds.
Begin MonoManager ReloadAssembly
Native extension for LinuxStandalone target not found
Native extension for WindowsStandalone target not found
Native extension for OSXStandalone target not found
Native extension for WebGL target not found
Refreshing native plugins compatible for Editor in 0.40 ms, found 1 plugins.
Preloading 0 native plugins for Editor in 0.00 ms.
Mono: successfully reloaded assembly
- Completed reload, in  0.776 seconds
Platform modules already initialized, skipping
Refreshing native plugins compatible for Editor in 0.72 ms, found 1 plugins.
Preloading 0 native plugins for Editor in 0.00 ms.
Unloading 1992 Unused Serialized files (Serialized files now loaded: 0)
System memory in use before: 92.0 MB.
System memory in use after: 92.0 MB.

Unloading 15 unused Assets to reduce memory usage. Loaded Objects now: 2608.
Total: 1.902600 ms (FindLiveObjects: 0.194100 ms CreateObjectMapping: 0.075900 ms MarkObjects: 1.532400 ms  DeleteObjects: 0.099000 ms)

========================================================================
Received Import Request.
  Time since last request: 1972.688154 seconds.
  path: Assets/Prefabs/UI/Inventory/Slots/ShopInventorySlot.prefab
  artifactKey: Guid(98878b5ee1dfaf4418298dcdbb6065b5) Importer(815301076,1909f56bfc062723c751e8b465ee728b)
Start importing Assets/Prefabs/UI/Inventory/Slots/ShopInventorySlot.prefab using Guid(98878b5ee1dfaf4418298dcdbb6065b5) Importer(815301076,1909f56bfc062723c751e8b465ee728b)  -> (artifact id: 'f83996801629c75a21554639c5c876ca') in 0.048523 seconds
  Import took 0.052926 seconds .

========================================================================
Received Prepare
Registering precompiled user dll's ...
Registered in 0.001666 seconds.
Begin MonoManager ReloadAssembly
Native extension for LinuxStandalone target not found
Native extension for WindowsStandalone target not found
Native extension for OSXStandalone target not found
Native extension for WebGL target not found
Refreshing native plugins compatible for Editor in 0.37 ms, found 1 plugins.
Preloading 0 native plugins for Editor in 0.00 ms.
Mono: successfully reloaded assembly
- Completed reload, in  0.752 seconds
Platform modules already initialized, skipping
Refreshing native plugins compatible for Editor in 0.37 ms, found 1 plugins.
Preloading 0 native plugins for Editor in 0.00 ms.
Unloading 1992 Unused Serialized files (Serialized files now loaded: 0)
System memory in use before: 92.0 MB.
System memory in use after: 92.0 MB.

Unloading 15 unused Assets to reduce memory usage. Loaded Objects now: 2612.
Total: 1.951300 ms (FindLiveObjects: 0.189700 ms CreateObjectMapping: 0.053600 ms MarkObjects: 1.595000 ms  DeleteObjects: 0.112200 ms)

========================================================================
Received Prepare
Registering precompiled user dll's ...
Registered in 0.001568 seconds.
Begin MonoManager ReloadAssembly
Native extension for LinuxStandalone target not found
Native extension for WindowsStandalone target not found
Native extension for OSXStandalone target not found
Native extension for WebGL target not found
Refreshing native plugins compatible for Editor in 0.39 ms, found 1 plugins.
Preloading 0 native plugins for Editor in 0.00 ms.
Mono: successfully reloaded assembly
- Completed reload, in  0.770 seconds
Platform modules already initialized, skipping
Refreshing native plugins compatible for Editor in 0.38 ms, found 1 plugins.
Preloading 0 native plugins for Editor in 0.00 ms.
Unloading 1992 Unused Serialized files (Serialized files now loaded: 0)
System memory in use before: 92.0 MB.
System memory in use after: 92.0 MB.

Unloading 15 unused Assets to reduce memory usage. Loaded Objects now: 2616.
Total: 1.818700 ms (FindLiveObjects: 0.198800 ms CreateObjectMapping: 0.056400 ms MarkObjects: 1.451000 ms  DeleteObjects: 0.111800 ms)

========================================================================
Received Prepare
Registering precompiled user dll's ...
Registered in 0.001547 seconds.
Begin MonoManager ReloadAssembly
Native extension for LinuxStandalone target not found
Native extension for WindowsStandalone target not found
Native extension for OSXStandalone target not found
Native extension for WebGL target not found
Refreshing native plugins compatible for Editor in 0.38 ms, found 1 plugins.
Preloading 0 native plugins for Editor in 0.00 ms.
Mono: successfully reloaded assembly
- Completed reload, in  0.737 seconds
Platform modules already initialized, skipping
Refreshing native plugins compatible for Editor in 0.38 ms, found 1 plugins.
Preloading 0 native plugins for Editor in 0.00 ms.
Unloading 1992 Unused Serialized files (Serialized files now loaded: 0)
System memory in use before: 92.0 MB.
System memory in use after: 92.0 MB.

Unloading 15 unused Assets to reduce memory usage. Loaded Objects now: 2620.
Total: 2.009900 ms (FindLiveObjects: 0.205000 ms CreateObjectMapping: 0.063700 ms MarkObjects: 1.648300 ms  DeleteObjects: 0.092100 ms)

========================================================================
Received Prepare
Registering precompiled user dll's ...
Registered in 0.001707 seconds.
Begin MonoManager ReloadAssembly
Native extension for LinuxStandalone target not found
Native extension for WindowsStandalone target not found
Native extension for OSXStandalone target not found
Native extension for WebGL target not found
Refreshing native plugins compatible for Editor in 0.38 ms, found 1 plugins.
Preloading 0 native plugins for Editor in 0.00 ms.
Mono: successfully reloaded assembly
- Completed reload, in  0.719 seconds
Platform modules already initialized, skipping
Refreshing native plugins compatible for Editor in 0.37 ms, found 1 plugins.
Preloading 0 native plugins for Editor in 0.00 ms.
Unloading 1992 Unused Serialized files (Serialized files now loaded: 0)
System memory in use before: 92.0 MB.
System memory in use after: 92.0 MB.

Unloading 15 unused Assets to reduce memory usage. Loaded Objects now: 2624.
Total: 2.069200 ms (FindLiveObjects: 0.182100 ms CreateObjectMapping: 0.050900 ms MarkObjects: 1.719800 ms  DeleteObjects: 0.115500 ms)

========================================================================
Received Prepare
Registering precompiled user dll's ...
Registered in 0.001623 seconds.
Begin MonoManager ReloadAssembly
Native extension for LinuxStandalone target not found
Native extension for WindowsStandalone target not found
Native extension for OSXStandalone target not found
Native extension for WebGL target not found
Refreshing native plugins compatible for Editor in 0.37 ms, found 1 plugins.
Preloading 0 native plugins for Editor in 0.00 ms.
Mono: successfully reloaded assembly
- Completed reload, in  0.756 seconds
Platform modules already initialized, skipping
Refreshing native plugins compatible for Editor in 0.37 ms, found 1 plugins.
Preloading 0 native plugins for Editor in 0.00 ms.
Unloading 1992 Unused Serialized files (Serialized files now loaded: 0)
System memory in use before: 92.1 MB.
System memory in use after: 92.0 MB.

Unloading 15 unused Assets to reduce memory usage. Loaded Objects now: 2628.
Total: 2.051300 ms (FindLiveObjects: 0.183700 ms CreateObjectMapping: 0.051500 ms MarkObjects: 1.727300 ms  DeleteObjects: 0.088300 ms)

========================================================================
Received Prepare
Registering precompiled user dll's ...
Registered in 0.001559 seconds.
Begin MonoManager ReloadAssembly
Native extension for LinuxStandalone target not found
Native extension for WindowsStandalone target not found
Native extension for OSXStandalone target not found
Native extension for WebGL target not found
Refreshing native plugins compatible for Editor in 0.37 ms, found 1 plugins.
Preloading 0 native plugins for Editor in 0.00 ms.
Mono: successfully reloaded assembly
- Completed reload, in  0.769 seconds
Platform modules already initialized, skipping
Refreshing native plugins compatible for Editor in 0.40 ms, found 1 plugins.
Preloading 0 native plugins for Editor in 0.00 ms.
Unloading 1992 Unused Serialized files (Serialized files now loaded: 0)
System memory in use before: 92.1 MB.
System memory in use after: 92.0 MB.

Unloading 15 unused Assets to reduce memory usage. Loaded Objects now: 2632.
Total: 2.355200 ms (FindLiveObjects: 0.200500 ms CreateObjectMapping: 0.060400 ms MarkObjects: 1.994800 ms  DeleteObjects: 0.098800 ms)

========================================================================
Received Prepare
Registering precompiled user dll's ...
Registered in 0.001564 seconds.
Begin MonoManager ReloadAssembly
Native extension for LinuxStandalone target not found
Native extension for WindowsStandalone target not found
Native extension for OSXStandalone target not found
Native extension for WebGL target not found
Refreshing native plugins compatible for Editor in 0.44 ms, found 1 plugins.
Preloading 0 native plugins for Editor in 0.00 ms.
Mono: successfully reloaded assembly
- Completed reload, in  0.768 seconds
Platform modules already initialized, skipping
Refreshing native plugins compatible for Editor in 0.38 ms, found 1 plugins.
Preloading 0 native plugins for Editor in 0.00 ms.
Unloading 1992 Unused Serialized files (Serialized files now loaded: 0)
System memory in use before: 92.1 MB.
System memory in use after: 92.0 MB.

Unloading 15 unused Assets to reduce memory usage. Loaded Objects now: 2636.
Total: 1.990800 ms (FindLiveObjects: 0.194800 ms CreateObjectMapping: 0.054100 ms MarkObjects: 1.643600 ms  DeleteObjects: 0.097400 ms)

========================================================================
Received Prepare
Registering precompiled user dll's ...
Registered in 0.001509 seconds.
Begin MonoManager ReloadAssembly
Native extension for LinuxStandalone target not found
Native extension for WindowsStandalone target not found
Native extension for OSXStandalone target not found
Native extension for WebGL target not found
Refreshing native plugins compatible for Editor in 0.38 ms, found 1 plugins.
Preloading 0 native plugins for Editor in 0.00 ms.
Mono: successfully reloaded assembly
- Completed reload, in  0.721 seconds
Platform modules already initialized, skipping
Refreshing native plugins compatible for Editor in 0.39 ms, found 1 plugins.
Preloading 0 native plugins for Editor in 0.00 ms.
Unloading 1992 Unused Serialized files (Serialized files now loaded: 0)
System memory in use before: 92.1 MB.
System memory in use after: 92.1 MB.

Unloading 15 unused Assets to reduce memory usage. Loaded Objects now: 2640.
Total: 2.038300 ms (FindLiveObjects: 0.190600 ms CreateObjectMapping: 0.052200 ms MarkObjects: 1.707900 ms  DeleteObjects: 0.086700 ms)

========================================================================
Received Prepare
Registering precompiled user dll's ...
Registered in 0.001541 seconds.
Begin MonoManager ReloadAssembly
Native extension for LinuxStandalone target not found
Native extension for WindowsStandalone target not found
Native extension for OSXStandalone target not found
Native extension for WebGL target not found
Refreshing native plugins compatible for Editor in 0.38 ms, found 1 plugins.
Preloading 0 native plugins for Editor in 0.00 ms.
Mono: successfully reloaded assembly
- Completed reload, in  0.742 seconds
Platform modules already initialized, skipping
Refreshing native plugins compatible for Editor in 0.37 ms, found 1 plugins.
Preloading 0 native plugins for Editor in 0.00 ms.
Unloading 1992 Unused Serialized files (Serialized files now loaded: 0)
System memory in use before: 92.1 MB.
System memory in use after: 92.1 MB.

Unloading 15 unused Assets to reduce memory usage. Loaded Objects now: 2644.
Total: 2.146900 ms (FindLiveObjects: 0.200600 ms CreateObjectMapping: 0.060900 ms MarkObjects: 1.790800 ms  DeleteObjects: 0.093900 ms)

========================================================================
Received Prepare
Registering precompiled user dll's ...
Registered in 0.001839 seconds.
Begin MonoManager ReloadAssembly
Native extension for LinuxStandalone target not found
Native extension for WindowsStandalone target not found
Native extension for OSXStandalone target not found
Native extension for WebGL target not found
Refreshing native plugins compatible for Editor in 0.37 ms, found 1 plugins.
Preloading 0 native plugins for Editor in 0.00 ms.
Mono: successfully reloaded assembly
- Completed reload, in  0.758 seconds
Platform modules already initialized, skipping
Refreshing native plugins compatible for Editor in 0.37 ms, found 1 plugins.
Preloading 0 native plugins for Editor in 0.00 ms.
Unloading 1992 Unused Serialized files (Serialized files now loaded: 0)
System memory in use before: 92.1 MB.
System memory in use after: 92.1 MB.

Unloading 15 unused Assets to reduce memory usage. Loaded Objects now: 2648.
Total: 2.127400 ms (FindLiveObjects: 0.193900 ms CreateObjectMapping: 0.061900 ms MarkObjects: 1.775200 ms  DeleteObjects: 0.095300 ms)

========================================================================
Received Import Request.
  Time since last request: 2567.764398 seconds.
  path: Assets/Scripts/Managers/CurrencyManager.cs
  artifactKey: Guid(9d9b7756ea6599340af5eda62d9adbe7) Importer(815301076,1909f56bfc062723c751e8b465ee728b)
Start importing Assets/Scripts/Managers/CurrencyManager.cs using Guid(9d9b7756ea6599340af5eda62d9adbe7) Importer(815301076,1909f56bfc062723c751e8b465ee728b)  -> (artifact id: 'c0f57c678f6c794a0b5f25a15b436b92') in 0.009639 seconds
  Import took 0.013281 seconds .

========================================================================
Received Import Request.
  Time since last request: 0.006382 seconds.
  path: Assets/Scripts/Managers/CurrencyManager.cs
  artifactKey: Guid(9d9b7756ea6599340af5eda62d9adbe7) Importer(815301076,1909f56bfc062723c751e8b465ee728b)
Start importing Assets/Scripts/Managers/CurrencyManager.cs using Guid(9d9b7756ea6599340af5eda62d9adbe7) Importer(815301076,1909f56bfc062723c751e8b465ee728b)  -> (artifact id: 'c0f57c678f6c794a0b5f25a15b436b92') in 0.020013 seconds
  Import took 0.022625 seconds .

========================================================================
Received Prepare
Registering precompiled user dll's ...
Registered in 0.001487 seconds.
Begin MonoManager ReloadAssembly
Native extension for LinuxStandalone target not found
Native extension for WindowsStandalone target not found
Native extension for OSXStandalone target not found
Native extension for WebGL target not found
Refreshing native plugins compatible for Editor in 0.38 ms, found 1 plugins.
Preloading 0 native plugins for Editor in 0.00 ms.
Mono: successfully reloaded assembly
- Completed reload, in  0.747 seconds
Platform modules already initialized, skipping
Refreshing native plugins compatible for Editor in 0.38 ms, found 1 plugins.
Preloading 0 native plugins for Editor in 0.00 ms.
Unloading 1993 Unused Serialized files (Serialized files now loaded: 0)
System memory in use before: 92.1 MB.
System memory in use after: 92.1 MB.

Unloading 15 unused Assets to reduce memory usage. Loaded Objects now: 2653.
Total: 2.046300 ms (FindLiveObjects: 0.209500 ms CreateObjectMapping: 0.063400 ms MarkObjects: 1.677600 ms  DeleteObjects: 0.094900 ms)

========================================================================
Received Import Request.
  Time since last request: 5.030279 seconds.
  path: Assets/Scripts/Managers/PlayerManager.cs
  artifactKey: Guid(8382d1e61376ed143855ded1b8c425a2) Importer(815301076,1909f56bfc062723c751e8b465ee728b)
Start importing Assets/Scripts/Managers/PlayerManager.cs using Guid(8382d1e61376ed143855ded1b8c425a2) Importer(815301076,1909f56bfc062723c751e8b465ee728b)  -> (artifact id: '457553f5f419798eb737ca599ae53ede') in 0.004023 seconds
  Import took 0.006782 seconds .

========================================================================
Received Prepare
Registering precompiled user dll's ...
Registered in 0.001562 seconds.
Begin MonoManager ReloadAssembly
Native extension for LinuxStandalone target not found
Native extension for WindowsStandalone target not found
Native extension for OSXStandalone target not found
Native extension for WebGL target not found
Refreshing native plugins compatible for Editor in 0.38 ms, found 1 plugins.
Preloading 0 native plugins for Editor in 0.00 ms.
Mono: successfully reloaded assembly
- Completed reload, in  0.730 seconds
Platform modules already initialized, skipping
Refreshing native plugins compatible for Editor in 0.37 ms, found 1 plugins.
Preloading 0 native plugins for Editor in 0.00 ms.
Unloading 1993 Unused Serialized files (Serialized files now loaded: 0)
System memory in use before: 92.1 MB.
System memory in use after: 92.1 MB.

Unloading 15 unused Assets to reduce memory usage. Loaded Objects now: 2657.
Total: 2.102400 ms (FindLiveObjects: 0.187900 ms CreateObjectMapping: 0.051900 ms MarkObjects: 1.774800 ms  DeleteObjects: 0.087000 ms)

========================================================================
Received Import Request.
  Time since last request: 141.547216 seconds.
  path: Assets/Scripts/Managers/CurrencyManager.cs
  artifactKey: Guid(9d9b7756ea6599340af5eda62d9adbe7) Importer(815301076,1909f56bfc062723c751e8b465ee728b)
Start importing Assets/Scripts/Managers/CurrencyManager.cs using Guid(9d9b7756ea6599340af5eda62d9adbe7) Importer(815301076,1909f56bfc062723c751e8b465ee728b)  -> (artifact id: '864718e4f30a4e0f301d310b312824d8') in 0.004865 seconds
  Import took 0.008601 seconds .

AssetImportWorkerClient::OnTransportError - code=2 error=End of file
