Using pre-set license
Built from '2020.3/staging' branch; Version is '2020.3.9f1 (108be757e447) revision 1084391'; Using compiler version '192528614'; Build Type 'Release'
OS: 'Windows 10 Pro; OS build 19042.1237; Version 2009; 64bit' Language: 'pt' Physical Memory: 32727 MB
BatchMode: 1, IsHumanControllingUs: 0, StartBugReporterOnCrash: 0, Is64bit: 1, IsPro: 0

 COMMAND LINE ARGUMENTS:
D:\Unity\Editors\2020.3.9f1\Editor\Unity.exe
-adb2
-batchMode
-noUpm
-name
AssetImportWorker0
-projectPath
D:/Unity/Projetos/LSW_Test_ClothingStore
-logFile
Logs/AssetImportWorker0.log
-srvPort
61281
Successfully changed project path to: D:/Unity/Projetos/LSW_Test_ClothingStore
D:/Unity/Projetos/LSW_Test_ClothingStore
Using Asset Import Pipeline V2.
Refreshing native plugins compatible for Editor in 35.06 ms, found 1 plugins.
Preloading 0 native plugins for Editor in 0.00 ms.
Initialize engine version: 2020.3.9f1 (108be757e447)
[Subsystems] Discovering subsystems at path D:/Unity/Editors/2020.3.9f1/Editor/Data/Resources/UnitySubsystems
[Subsystems] Discovering subsystems at path D:/Unity/Projetos/LSW_Test_ClothingStore/Assets
GfxDevice: creating device client; threaded=0
Direct3D:
    Version:  Direct3D 11.0 [level 11.1]
    Renderer: NVIDIA GeForce GTX 1070 (ID=0x1b81)
    Vendor:   
    VRAM:     8088 MB
    Driver:   30.0.14.7212
Initialize mono
Mono path[0] = 'D:/Unity/Editors/2020.3.9f1/Editor/Data/Managed'
Mono path[1] = 'D:/Unity/Editors/2020.3.9f1/Editor/Data/MonoBleedingEdge/lib/mono/unityjit'
Mono config path = 'D:/Unity/Editors/2020.3.9f1/Editor/Data/MonoBleedingEdge/etc'
Using monoOptions --debugger-agent=transport=dt_socket,embedding=1,server=y,suspend=n,address=127.0.0.1:56100
Begin MonoManager ReloadAssembly
Registering precompiled unity dll's ...
Register platform support module: D:/Unity/Editors/2020.3.9f1/Editor/Data/PlaybackEngines/WebGLSupport/UnityEditor.WebGL.Extensions.dll
Register platform support module: D:/Unity/Editors/2020.3.9f1/Editor/Data/PlaybackEngines/MacStandaloneSupport/UnityEditor.OSXStandalone.Extensions.dll
Register platform support module: D:/Unity/Editors/2020.3.9f1/Editor/Data/PlaybackEngines/WindowsStandaloneSupport/UnityEditor.WindowsStandalone.Extensions.dll
Register platform support module: D:/Unity/Editors/2020.3.9f1/Editor/Data/PlaybackEngines/LinuxStandaloneSupport/UnityEditor.LinuxStandalone.Extensions.dll
Registered in 0.001657 seconds.
Native extension for LinuxStandalone target not found
Native extension for WindowsStandalone target not found
Native extension for OSXStandalone target not found
Native extension for WebGL target not found
Refreshing native plugins compatible for Editor in 35.48 ms, found 1 plugins.
Preloading 0 native plugins for Editor in 0.00 ms.
Mono: successfully reloaded assembly
- Completed reload, in  2.142 seconds
Platform modules already initialized, skipping
Registering precompiled user dll's ...
Registered in 0.001468 seconds.
Begin MonoManager ReloadAssembly
Native extension for LinuxStandalone target not found
Native extension for WindowsStandalone target not found
Native extension for OSXStandalone target not found
Native extension for WebGL target not found
Refreshing native plugins compatible for Editor in 34.16 ms, found 1 plugins.
Preloading 0 native plugins for Editor in 0.00 ms.
Mono: successfully reloaded assembly
- Completed reload, in  0.812 seconds
Platform modules already initialized, skipping
========================================================================
Worker process is ready to serve import requests
Launched and connected shader compiler UnityShaderCompiler.exe after 0.30 seconds
Refreshing native plugins compatible for Editor in 0.44 ms, found 1 plugins.
Preloading 0 native plugins for Editor in 0.00 ms.
Unloading 1995 Unused Serialized files (Serialized files now loaded: 0)
System memory in use before: 91.7 MB.
System memory in use after: 91.7 MB.

Unloading 27 unused Assets to reduce memory usage. Loaded Objects now: 2442.
Total: 2.681500 ms (FindLiveObjects: 0.233900 ms CreateObjectMapping: 0.083200 ms MarkObjects: 2.211100 ms  DeleteObjects: 0.151800 ms)

========================================================================
Received Import Request.
  path: Assets/ScriptableObjects
  artifactKey: Guid(596857732556f4a4fad1b715319dc874) Importer(815301076,1909f56bfc062723c751e8b465ee728b)
Start importing Assets/ScriptableObjects using Guid(596857732556f4a4fad1b715319dc874) Importer(815301076,1909f56bfc062723c751e8b465ee728b)  -> (artifact id: '635be197c3965687ae8a06b27723a2e8') in 0.010408 seconds
  Import took 0.014253 seconds .

========================================================================
Received Import Request.
  Time since last request: 4.122375 seconds.
  path: Assets/ScriptableObjects/Itens
  artifactKey: Guid(2d8484ce46fd88d48b4bb46c72ab7c30) Importer(815301076,1909f56bfc062723c751e8b465ee728b)
Start importing Assets/ScriptableObjects/Itens using Guid(2d8484ce46fd88d48b4bb46c72ab7c30) Importer(815301076,1909f56bfc062723c751e8b465ee728b)  -> (artifact id: '530b91a6dad638707e568408b74cad2b') in 0.007847 seconds
  Import took 0.011144 seconds .

========================================================================
Received Import Request.
  Time since last request: 13.720486 seconds.
  path: Assets/ScriptableObjects/Itens/New Item.asset
  artifactKey: Guid(e83decdf309ad9c4584562b12c31e2fa) Importer(815301076,1909f56bfc062723c751e8b465ee728b)
Start importing Assets/ScriptableObjects/Itens/New Item.asset using Guid(e83decdf309ad9c4584562b12c31e2fa) Importer(815301076,1909f56bfc062723c751e8b465ee728b)  -> (artifact id: 'f30f601dc82bf0dff80ed4876bd205a6') in 0.059314 seconds
  Import took 0.062394 seconds .

========================================================================
Received Import Request.
  Time since last request: 84.124632 seconds.
  path: Assets/ScriptableObjects/Itens/Bush.asset
  artifactKey: Guid(e83decdf309ad9c4584562b12c31e2fa) Importer(815301076,1909f56bfc062723c751e8b465ee728b)
Start importing Assets/ScriptableObjects/Itens/Bush.asset using Guid(e83decdf309ad9c4584562b12c31e2fa) Importer(815301076,1909f56bfc062723c751e8b465ee728b)  -> (artifact id: '4c0a75737405a347b4595fba39e5b460') in 0.007322 seconds
  Import took 0.010245 seconds .

========================================================================
Received Import Request.
  Time since last request: 10.369636 seconds.
  path: Assets/ScriptableObjects/Itens/New Item.asset
  artifactKey: Guid(091d2696be0fee94f8e6ebb13cdd6afe) Importer(815301076,1909f56bfc062723c751e8b465ee728b)
Start importing Assets/ScriptableObjects/Itens/New Item.asset using Guid(091d2696be0fee94f8e6ebb13cdd6afe) Importer(815301076,1909f56bfc062723c751e8b465ee728b)  -> (artifact id: 'aecc78cfab8e4567552da2244a499afb') in 0.004495 seconds
  Import took 0.007668 seconds .

========================================================================
Received Import Request.
  Time since last request: 0.013269 seconds.
  path: Assets/ScriptableObjects/Itens/New Item.asset
  artifactKey: Guid(091d2696be0fee94f8e6ebb13cdd6afe) Importer(815301076,1909f56bfc062723c751e8b465ee728b)
Start importing Assets/ScriptableObjects/Itens/New Item.asset using Guid(091d2696be0fee94f8e6ebb13cdd6afe) Importer(815301076,1909f56bfc062723c751e8b465ee728b)  -> (artifact id: 'aecc78cfab8e4567552da2244a499afb') in 0.002597 seconds
  Import took 0.005521 seconds .

========================================================================
Received Import Request.
  Time since last request: 88.102588 seconds.
  path: Assets/ScriptableObjects/Itens/Other Bush.asset
  artifactKey: Guid(091d2696be0fee94f8e6ebb13cdd6afe) Importer(815301076,1909f56bfc062723c751e8b465ee728b)
Start importing Assets/ScriptableObjects/Itens/Other Bush.asset using Guid(091d2696be0fee94f8e6ebb13cdd6afe) Importer(815301076,1909f56bfc062723c751e8b465ee728b)  -> (artifact id: '3a0ad5fbe9934ea41df7f3ded4432f78') in 0.008617 seconds
  Import took 0.011557 seconds .

========================================================================
Received Prepare
Registering precompiled user dll's ...
Registered in 0.002109 seconds.
Begin MonoManager ReloadAssembly
Native extension for LinuxStandalone target not found
Native extension for WindowsStandalone target not found
Native extension for OSXStandalone target not found
Native extension for WebGL target not found
Refreshing native plugins compatible for Editor in 0.36 ms, found 1 plugins.
Preloading 0 native plugins for Editor in 0.00 ms.
Mono: successfully reloaded assembly
- Completed reload, in  0.813 seconds
Platform modules already initialized, skipping
Refreshing native plugins compatible for Editor in 0.36 ms, found 1 plugins.
Preloading 0 native plugins for Editor in 0.00 ms.
Unloading 1986 Unused Serialized files (Serialized files now loaded: 0)
System memory in use before: 91.4 MB.
System memory in use after: 91.3 MB.

Unloading 15 unused Assets to reduce memory usage. Loaded Objects now: 2446.
Total: 1.841900 ms (FindLiveObjects: 0.151300 ms CreateObjectMapping: 0.070800 ms MarkObjects: 1.529300 ms  DeleteObjects: 0.089700 ms)

========================================================================
Received Prepare
Registering precompiled user dll's ...
Registered in 0.001520 seconds.
Begin MonoManager ReloadAssembly
Native extension for LinuxStandalone target not found
Native extension for WindowsStandalone target not found
Native extension for OSXStandalone target not found
Native extension for WebGL target not found
Refreshing native plugins compatible for Editor in 0.36 ms, found 1 plugins.
Preloading 0 native plugins for Editor in 0.00 ms.
Mono: successfully reloaded assembly
- Completed reload, in  0.736 seconds
Platform modules already initialized, skipping
Refreshing native plugins compatible for Editor in 0.36 ms, found 1 plugins.
Preloading 0 native plugins for Editor in 0.00 ms.
Unloading 1986 Unused Serialized files (Serialized files now loaded: 0)
System memory in use before: 91.4 MB.
System memory in use after: 91.4 MB.

Unloading 15 unused Assets to reduce memory usage. Loaded Objects now: 2450.
Total: 2.054600 ms (FindLiveObjects: 0.173400 ms CreateObjectMapping: 0.051400 ms MarkObjects: 1.743100 ms  DeleteObjects: 0.086000 ms)

========================================================================
Received Prepare
Registering precompiled user dll's ...
Registered in 0.001515 seconds.
Begin MonoManager ReloadAssembly
Native extension for LinuxStandalone target not found
Native extension for WindowsStandalone target not found
Native extension for OSXStandalone target not found
Native extension for WebGL target not found
Refreshing native plugins compatible for Editor in 0.37 ms, found 1 plugins.
Preloading 0 native plugins for Editor in 0.00 ms.
Mono: successfully reloaded assembly
- Completed reload, in  0.737 seconds
Platform modules already initialized, skipping
Refreshing native plugins compatible for Editor in 0.38 ms, found 1 plugins.
Preloading 0 native plugins for Editor in 0.00 ms.
Unloading 1986 Unused Serialized files (Serialized files now loaded: 0)
System memory in use before: 91.4 MB.
System memory in use after: 91.4 MB.

Unloading 15 unused Assets to reduce memory usage. Loaded Objects now: 2454.
Total: 1.715700 ms (FindLiveObjects: 0.158100 ms CreateObjectMapping: 0.061100 ms MarkObjects: 1.408600 ms  DeleteObjects: 0.087200 ms)

========================================================================
Received Import Request.
  Time since last request: 2703.556331 seconds.
  path: Assets/Scripts/Inventory/ShopSetup.cs
  artifactKey: Guid(8c1b48c5c8fd5b74885c1aa99a3e2e52) Importer(815301076,1909f56bfc062723c751e8b465ee728b)
Start importing Assets/Scripts/Inventory/ShopSetup.cs using Guid(8c1b48c5c8fd5b74885c1aa99a3e2e52) Importer(815301076,1909f56bfc062723c751e8b465ee728b)  -> (artifact id: '7d492b5151140b6bb55bf9136af0e1e0') in 0.012891 seconds
  Import took 0.016768 seconds .

========================================================================
Received Import Request.
  Time since last request: 0.001333 seconds.
  path: Assets/Scripts/Inventory/ShopSetup.cs
  artifactKey: Guid(8c1b48c5c8fd5b74885c1aa99a3e2e52) Importer(815301076,1909f56bfc062723c751e8b465ee728b)
Start importing Assets/Scripts/Inventory/ShopSetup.cs using Guid(8c1b48c5c8fd5b74885c1aa99a3e2e52) Importer(815301076,1909f56bfc062723c751e8b465ee728b)  -> (artifact id: '7d492b5151140b6bb55bf9136af0e1e0') in 0.002887 seconds
  Import took 0.005984 seconds .

========================================================================
Received Prepare
Registering precompiled user dll's ...
Registered in 0.002177 seconds.
Begin MonoManager ReloadAssembly
Native extension for LinuxStandalone target not found
Native extension for WindowsStandalone target not found
Native extension for OSXStandalone target not found
Native extension for WebGL target not found
Refreshing native plugins compatible for Editor in 0.36 ms, found 1 plugins.
Preloading 0 native plugins for Editor in 0.00 ms.
Mono: successfully reloaded assembly
- Completed reload, in  0.864 seconds
Platform modules already initialized, skipping
Refreshing native plugins compatible for Editor in 0.39 ms, found 1 plugins.
Preloading 0 native plugins for Editor in 0.00 ms.
Unloading 1987 Unused Serialized files (Serialized files now loaded: 0)
System memory in use before: 91.5 MB.
System memory in use after: 91.4 MB.

Unloading 15 unused Assets to reduce memory usage. Loaded Objects now: 2459.
Total: 1.918400 ms (FindLiveObjects: 0.172300 ms CreateObjectMapping: 0.048800 ms MarkObjects: 1.583100 ms  DeleteObjects: 0.113700 ms)

========================================================================
Received Import Request.
  Time since last request: 9.108412 seconds.
  path: Assets/Scripts/Shop
  artifactKey: Guid(1e49696a1067a8144ad8bed45adf36de) Importer(815301076,1909f56bfc062723c751e8b465ee728b)
Start importing Assets/Scripts/Shop using Guid(1e49696a1067a8144ad8bed45adf36de) Importer(815301076,1909f56bfc062723c751e8b465ee728b)  -> (artifact id: '7bd9cff7203ea83f7d1d6380830d782b') in 0.010076 seconds
  Import took 0.013710 seconds .

========================================================================
Received Import Request.
  Time since last request: 0.000541 seconds.
  path: Assets/Scripts/Shop
  artifactKey: Guid(1e49696a1067a8144ad8bed45adf36de) Importer(815301076,1909f56bfc062723c751e8b465ee728b)
Start importing Assets/Scripts/Shop using Guid(1e49696a1067a8144ad8bed45adf36de) Importer(815301076,1909f56bfc062723c751e8b465ee728b)  -> (artifact id: '7bd9cff7203ea83f7d1d6380830d782b') in 0.003239 seconds
  Import took 0.006171 seconds .

========================================================================
Received Prepare
Registering precompiled user dll's ...
Registered in 0.001502 seconds.
Begin MonoManager ReloadAssembly
Native extension for LinuxStandalone target not found
Native extension for WindowsStandalone target not found
Native extension for OSXStandalone target not found
Native extension for WebGL target not found
Refreshing native plugins compatible for Editor in 0.42 ms, found 1 plugins.
Preloading 0 native plugins for Editor in 0.00 ms.
Mono: successfully reloaded assembly
- Completed reload, in  0.772 seconds
Platform modules already initialized, skipping
Refreshing native plugins compatible for Editor in 0.35 ms, found 1 plugins.
Preloading 0 native plugins for Editor in 0.00 ms.
Unloading 1987 Unused Serialized files (Serialized files now loaded: 0)
System memory in use before: 91.5 MB.
System memory in use after: 91.5 MB.

Unloading 15 unused Assets to reduce memory usage. Loaded Objects now: 2463.
Total: 1.956700 ms (FindLiveObjects: 0.182800 ms CreateObjectMapping: 0.060700 ms MarkObjects: 1.628600 ms  DeleteObjects: 0.083800 ms)

========================================================================
Received Prepare
Registering precompiled user dll's ...
Registered in 0.001495 seconds.
Begin MonoManager ReloadAssembly
Native extension for LinuxStandalone target not found
Native extension for WindowsStandalone target not found
Native extension for OSXStandalone target not found
Native extension for WebGL target not found
Refreshing native plugins compatible for Editor in 0.36 ms, found 1 plugins.
Preloading 0 native plugins for Editor in 0.00 ms.
Mono: successfully reloaded assembly
- Completed reload, in  0.719 seconds
Platform modules already initialized, skipping
Refreshing native plugins compatible for Editor in 0.36 ms, found 1 plugins.
Preloading 0 native plugins for Editor in 0.00 ms.
Unloading 1987 Unused Serialized files (Serialized files now loaded: 0)
System memory in use before: 91.5 MB.
System memory in use after: 91.5 MB.

Unloading 15 unused Assets to reduce memory usage. Loaded Objects now: 2467.
Total: 2.074400 ms (FindLiveObjects: 0.179300 ms CreateObjectMapping: 0.063900 ms MarkObjects: 1.742400 ms  DeleteObjects: 0.088000 ms)

========================================================================
Received Import Request.
  Time since last request: 442.806522 seconds.
  path: Assets/Scripts/Shop/ShopSetup.cs
  artifactKey: Guid(8c1b48c5c8fd5b74885c1aa99a3e2e52) Importer(815301076,1909f56bfc062723c751e8b465ee728b)
Start importing Assets/Scripts/Shop/ShopSetup.cs using Guid(8c1b48c5c8fd5b74885c1aa99a3e2e52) Importer(815301076,1909f56bfc062723c751e8b465ee728b)  -> (artifact id: 'f85f2418050702d0c73a925ca0cc5148') in 0.005255 seconds
  Import took 0.007755 seconds .

========================================================================
Received Prepare
Registering precompiled user dll's ...
Registered in 0.001511 seconds.
Begin MonoManager ReloadAssembly
Native extension for LinuxStandalone target not found
Native extension for WindowsStandalone target not found
Native extension for OSXStandalone target not found
Native extension for WebGL target not found
Refreshing native plugins compatible for Editor in 0.36 ms, found 1 plugins.
Preloading 0 native plugins for Editor in 0.00 ms.
Mono: successfully reloaded assembly
- Completed reload, in  0.737 seconds
Platform modules already initialized, skipping
Refreshing native plugins compatible for Editor in 0.35 ms, found 1 plugins.
Preloading 0 native plugins for Editor in 0.00 ms.
Unloading 1987 Unused Serialized files (Serialized files now loaded: 0)
System memory in use before: 91.5 MB.
System memory in use after: 91.5 MB.

Unloading 15 unused Assets to reduce memory usage. Loaded Objects now: 2471.
Total: 1.947300 ms (FindLiveObjects: 0.182800 ms CreateObjectMapping: 0.050000 ms MarkObjects: 1.629800 ms  DeleteObjects: 0.083800 ms)

========================================================================
Received Import Request.
  Time since last request: 30.264121 seconds.
  path: Assets/Scripts/Shop/ShopInventory.cs
  artifactKey: Guid(d5989b37428f1b84591f508bbfa690c4) Importer(815301076,1909f56bfc062723c751e8b465ee728b)
Start importing Assets/Scripts/Shop/ShopInventory.cs using Guid(d5989b37428f1b84591f508bbfa690c4) Importer(815301076,1909f56bfc062723c751e8b465ee728b)  -> (artifact id: '8cb90b04736a49914e6cb61dc40c7ac5') in 0.007724 seconds
  Import took 0.010278 seconds .

========================================================================
Received Prepare
Registering precompiled user dll's ...
Registered in 0.001463 seconds.
Begin MonoManager ReloadAssembly
Native extension for LinuxStandalone target not found
Native extension for WindowsStandalone target not found
Native extension for OSXStandalone target not found
Native extension for WebGL target not found
Refreshing native plugins compatible for Editor in 0.38 ms, found 1 plugins.
Preloading 0 native plugins for Editor in 0.00 ms.
Mono: successfully reloaded assembly
- Completed reload, in  0.890 seconds
Platform modules already initialized, skipping
Refreshing native plugins compatible for Editor in 0.37 ms, found 1 plugins.
Preloading 0 native plugins for Editor in 0.00 ms.
Unloading 1987 Unused Serialized files (Serialized files now loaded: 0)
System memory in use before: 91.5 MB.
System memory in use after: 91.5 MB.

Unloading 15 unused Assets to reduce memory usage. Loaded Objects now: 2475.
Total: 1.829500 ms (FindLiveObjects: 0.168800 ms CreateObjectMapping: 0.049400 ms MarkObjects: 1.522400 ms  DeleteObjects: 0.088100 ms)

AssetImportWorkerClient::OnTransportError - code=2 error=End of file
